Analysis & Synthesis report for processador
Tue Jul  3 18:15:48 2018
Quartus II 64-Bit Version 13.0.1 Build 232 06/12/2013 Service Pack 1 SJ Web Edition


---------------------
; Table of Contents ;
---------------------
  1. Legal Notice
  2. Analysis & Synthesis Summary
  3. Analysis & Synthesis Settings
  4. Parallel Compilation
  5. Analysis & Synthesis Source Files Read
  6. Analysis & Synthesis Resource Usage Summary
  7. Analysis & Synthesis Resource Utilization by Entity
  8. State Machine - |cpu|ctrl:controller|state
  9. Registers Removed During Synthesis
 10. General Register Statistics
 11. Inverted Register Statistics
 12. Multiplexer Restructuring Statistics (Restructuring Performed)
 13. Elapsed Time Per Partition
 14. Analysis & Synthesis Messages



----------------
; Legal Notice ;
----------------
Copyright (C) 1991-2013 Altera Corporation
Your use of Altera Corporation's design tools, logic functions 
and other software and tools, and its AMPP partner logic 
functions, and any output files from any of the foregoing 
(including device programming or simulation files), and any 
associated documentation or information are expressly subject 
to the terms and conditions of the Altera Program License 
Subscription Agreement, Altera MegaCore Function License 
Agreement, or other applicable license agreement, including, 
without limitation, that your use is for the sole purpose of 
programming logic devices manufactured by Altera and sold by 
Altera or its authorized distributors.  Please refer to the 
applicable agreement for further details.



+--------------------------------------------------------------------------------------+
; Analysis & Synthesis Summary                                                         ;
+------------------------------------+-------------------------------------------------+
; Analysis & Synthesis Status        ; Successful - Tue Jul  3 18:15:48 2018           ;
; Quartus II 64-Bit Version          ; 13.0.1 Build 232 06/12/2013 SP 1 SJ Web Edition ;
; Revision Name                      ; processador                                     ;
; Top-level Entity Name              ; cpu                                             ;
; Family                             ; Cyclone II                                      ;
; Total logic elements               ; 252                                             ;
;     Total combinational functions  ; 203                                             ;
;     Dedicated logic registers      ; 153                                             ;
; Total registers                    ; 153                                             ;
; Total pins                         ; 63                                              ;
; Total virtual pins                 ; 0                                               ;
; Total memory bits                  ; 0                                               ;
; Embedded Multiplier 9-bit elements ; 0                                               ;
; Total PLLs                         ; 0                                               ;
+------------------------------------+-------------------------------------------------+


+----------------------------------------------------------------------------------------------------------------------+
; Analysis & Synthesis Settings                                                                                        ;
+----------------------------------------------------------------------------+--------------------+--------------------+
; Option                                                                     ; Setting            ; Default Value      ;
+----------------------------------------------------------------------------+--------------------+--------------------+
; Device                                                                     ; EP2C35F672C6       ;                    ;
; Top-level entity name                                                      ; cpu                ; processador        ;
; Family name                                                                ; Cyclone II         ; Cyclone IV GX      ;
; Use smart compilation                                                      ; Off                ; Off                ;
; Enable parallel Assembler and TimeQuest Timing Analyzer during compilation ; On                 ; On                 ;
; Enable compact report table                                                ; Off                ; Off                ;
; Restructure Multiplexers                                                   ; Auto               ; Auto               ;
; Create Debugging Nodes for IP Cores                                        ; Off                ; Off                ;
; Preserve fewer node names                                                  ; On                 ; On                 ;
; Disable OpenCore Plus hardware evaluation                                  ; Off                ; Off                ;
; Verilog Version                                                            ; Verilog_2001       ; Verilog_2001       ;
; VHDL Version                                                               ; VHDL_1993          ; VHDL_1993          ;
; State Machine Processing                                                   ; Auto               ; Auto               ;
; Safe State Machine                                                         ; Off                ; Off                ;
; Extract Verilog State Machines                                             ; On                 ; On                 ;
; Extract VHDL State Machines                                                ; On                 ; On                 ;
; Ignore Verilog initial constructs                                          ; Off                ; Off                ;
; Iteration limit for constant Verilog loops                                 ; 5000               ; 5000               ;
; Iteration limit for non-constant Verilog loops                             ; 250                ; 250                ;
; Add Pass-Through Logic to Inferred RAMs                                    ; On                 ; On                 ;
; Infer RAMs from Raw Logic                                                  ; On                 ; On                 ;
; Parallel Synthesis                                                         ; On                 ; On                 ;
; DSP Block Balancing                                                        ; Auto               ; Auto               ;
; NOT Gate Push-Back                                                         ; On                 ; On                 ;
; Power-Up Don't Care                                                        ; On                 ; On                 ;
; Remove Redundant Logic Cells                                               ; Off                ; Off                ;
; Remove Duplicate Registers                                                 ; On                 ; On                 ;
; Ignore CARRY Buffers                                                       ; Off                ; Off                ;
; Ignore CASCADE Buffers                                                     ; Off                ; Off                ;
; Ignore GLOBAL Buffers                                                      ; Off                ; Off                ;
; Ignore ROW GLOBAL Buffers                                                  ; Off                ; Off                ;
; Ignore LCELL Buffers                                                       ; Off                ; Off                ;
; Ignore SOFT Buffers                                                        ; On                 ; On                 ;
; Limit AHDL Integers to 32 Bits                                             ; Off                ; Off                ;
; Optimization Technique                                                     ; Balanced           ; Balanced           ;
; Carry Chain Length                                                         ; 70                 ; 70                 ;
; Auto Carry Chains                                                          ; On                 ; On                 ;
; Auto Open-Drain Pins                                                       ; On                 ; On                 ;
; Perform WYSIWYG Primitive Resynthesis                                      ; Off                ; Off                ;
; Auto ROM Replacement                                                       ; On                 ; On                 ;
; Auto RAM Replacement                                                       ; On                 ; On                 ;
; Auto Shift Register Replacement                                            ; Auto               ; Auto               ;
; Allow Shift Register Merging across Hierarchies                            ; Auto               ; Auto               ;
; Auto Clock Enable Replacement                                              ; On                 ; On                 ;
; Strict RAM Replacement                                                     ; Off                ; Off                ;
; Allow Synchronous Control Signals                                          ; On                 ; On                 ;
; Force Use of Synchronous Clear Signals                                     ; Off                ; Off                ;
; Auto RAM to Logic Cell Conversion                                          ; Off                ; Off                ;
; Auto Resource Sharing                                                      ; Off                ; Off                ;
; Allow Any RAM Size For Recognition                                         ; Off                ; Off                ;
; Allow Any ROM Size For Recognition                                         ; Off                ; Off                ;
; Allow Any Shift Register Size For Recognition                              ; Off                ; Off                ;
; Use LogicLock Constraints during Resource Balancing                        ; On                 ; On                 ;
; Ignore translate_off and synthesis_off directives                          ; Off                ; Off                ;
; Timing-Driven Synthesis                                                    ; Off                ; Off                ;
; Report Parameter Settings                                                  ; On                 ; On                 ;
; Report Source Assignments                                                  ; On                 ; On                 ;
; Report Connectivity Checks                                                 ; On                 ; On                 ;
; Ignore Maximum Fan-Out Assignments                                         ; Off                ; Off                ;
; Synchronization Register Chain Length                                      ; 2                  ; 2                  ;
; PowerPlay Power Optimization                                               ; Normal compilation ; Normal compilation ;
; HDL message level                                                          ; Level2             ; Level2             ;
; Suppress Register Optimization Related Messages                            ; Off                ; Off                ;
; Number of Removed Registers Reported in Synthesis Report                   ; 5000               ; 5000               ;
; Number of Swept Nodes Reported in Synthesis Report                         ; 5000               ; 5000               ;
; Number of Inverted Registers Reported in Synthesis Report                  ; 100                ; 100                ;
; Clock MUX Protection                                                       ; On                 ; On                 ;
; Auto Gated Clock Conversion                                                ; Off                ; Off                ;
; Block Design Naming                                                        ; Auto               ; Auto               ;
; SDC constraint protection                                                  ; Off                ; Off                ;
; Synthesis Effort                                                           ; Auto               ; Auto               ;
; Shift Register Replacement - Allow Asynchronous Clear Signal               ; On                 ; On                 ;
; Pre-Mapping Resynthesis Optimization                                       ; Off                ; Off                ;
; Analysis & Synthesis Message Level                                         ; Medium             ; Medium             ;
; Disable Register Merging Across Hierarchies                                ; Auto               ; Auto               ;
; Resource Aware Inference For Block RAM                                     ; On                 ; On                 ;
; Synthesis Seed                                                             ; 1                  ; 1                  ;
+----------------------------------------------------------------------------+--------------------+--------------------+


Parallel compilation was disabled, but you have multiple processors available. Enable parallel compilation to reduce compilation time.
+-------------------------------------+
; Parallel Compilation                ;
+----------------------------+--------+
; Processors                 ; Number ;
+----------------------------+--------+
; Number detected on machine ; 4      ;
; Maximum allowed            ; 1      ;
+----------------------------+--------+


+-----------------------------------------------------------------------------------------------------------------------------------------------------------------------------------------------------+
; Analysis & Synthesis Source Files Read                                                                                                                                                              ;
+----------------------------------+-----------------+-----------------+--------------------------------------------------------------------------------------------------------------------+---------+
; File Name with User-Entered Path ; Used in Netlist ; File Type       ; File Name with Absolute Path                                                                                       ; Library ;
+----------------------------------+-----------------+-----------------+--------------------------------------------------------------------------------------------------------------------+---------+
; dp.vhdl                          ; yes             ; User VHDL File  ; /home/cicero/Dropbox/CeT 2018.1/Sistemas Digitais/Laboratorio/Terceiro Projeto - Processador - Versao 02/dp.vhdl   ;         ;
; ctrl.vhdl                        ; yes             ; User VHDL File  ; /home/cicero/Dropbox/CeT 2018.1/Sistemas Digitais/Laboratorio/Terceiro Projeto - Processador - Versao 02/ctrl.vhdl ;         ;
; cpu.vhdl                         ; yes             ; User VHDL File  ; /home/cicero/Dropbox/CeT 2018.1/Sistemas Digitais/Laboratorio/Terceiro Projeto - Processador - Versao 02/cpu.vhdl  ;         ;
+----------------------------------+-----------------+-----------------+--------------------------------------------------------------------------------------------------------------------+---------+


+-----------------------------------------------------+
; Analysis & Synthesis Resource Usage Summary         ;
+---------------------------------------------+-------+
; Resource                                    ; Usage ;
+---------------------------------------------+-------+
; Estimated Total logic elements              ; 252   ;
;                                             ;       ;
; Total combinational functions               ; 203   ;
; Logic element usage by number of LUT inputs ;       ;
;     -- 4 input functions                    ; 119   ;
;     -- 3 input functions                    ; 28    ;
;     -- <=2 input functions                  ; 56    ;
;                                             ;       ;
; Logic elements by mode                      ;       ;
;     -- normal mode                          ; 168   ;
;     -- arithmetic mode                      ; 35    ;
;                                             ;       ;
; Total registers                             ; 153   ;
;     -- Dedicated logic registers            ; 153   ;
;     -- I/O registers                        ; 0     ;
;                                             ;       ;
; I/O pins                                    ; 63    ;
; Embedded Multiplier 9-bit elements          ; 0     ;
; Maximum fan-out node                        ; clk   ;
; Maximum fan-out                             ; 153   ;
; Total fan-out                               ; 1241  ;
; Average fan-out                             ; 2.96  ;
+---------------------------------------------+-------+


+-------------------------------------------------------------------------------------------------------------------------------------------------------------------------------------------------+
; Analysis & Synthesis Resource Utilization by Entity                                                                                                                                             ;
+------------------------------+-------------------+--------------+-------------+--------------+---------+-----------+------+--------------+---------------------------------------+--------------+
; Compilation Hierarchy Node   ; LC Combinationals ; LC Registers ; Memory Bits ; DSP Elements ; DSP 9x9 ; DSP 18x18 ; Pins ; Virtual Pins ; Full Hierarchy Name                   ; Library Name ;
+------------------------------+-------------------+--------------+-------------+--------------+---------+-----------+------+--------------+---------------------------------------+--------------+
; |cpu                         ; 203 (22)          ; 153 (30)     ; 0           ; 0            ; 0       ; 0         ; 63   ; 0            ; |cpu                                  ; work         ;
;    |ctrl:controller|         ; 105 (105)         ; 60 (60)      ; 0           ; 0            ; 0       ; 0         ; 0    ; 0            ; |cpu|ctrl:controller                  ; work         ;
;    |dp:datapath|             ; 76 (39)           ; 63 (35)      ; 0           ; 0            ; 0       ; 0         ; 0    ; 0            ; |cpu|dp:datapath                      ; work         ;
;       |acc:acumulador_atual| ; 0 (0)             ; 4 (4)        ; 0           ; 0            ; 0       ; 0         ; 0    ; 0            ; |cpu|dp:datapath|acc:acumulador_atual ; work         ;
;       |alu:alu1|             ; 25 (25)           ; 4 (4)        ; 0           ; 0            ; 0       ; 0         ; 0    ; 0            ; |cpu|dp:datapath|alu:alu1             ; work         ;
;       |rf:registrador|       ; 12 (12)           ; 20 (20)      ; 0           ; 0            ; 0       ; 0         ; 0    ; 0            ; |cpu|dp:datapath|rf:registrador       ; work         ;
+------------------------------+-------------------+--------------+-------------+--------------+---------+-----------+------+--------------+---------------------------------------+--------------+
Note: For table entries with two numbers listed, the numbers in parentheses indicate the number of resources of the given type used by the specific entity alone. The numbers listed outside of parentheses indicate the total resources of the given type used by the specific entity and all of its sub-entities in the hierarchy.


Encoding Type:  One-Hot
+------------------------------------------------------------------------------------------------------+
; State Machine - |cpu|ctrl:controller|state                                                           ;
+------------+------------+----------+----------+----------+----------+----------+----------+----------+
; Name       ; state.done ; state.s6 ; state.s5 ; state.s4 ; state.s3 ; state.s2 ; state.s1 ; state.s0 ;
+------------+------------+----------+----------+----------+----------+----------+----------+----------+
; state.s0   ; 0          ; 0        ; 0        ; 0        ; 0        ; 0        ; 0        ; 0        ;
; state.s1   ; 0          ; 0        ; 0        ; 0        ; 0        ; 0        ; 1        ; 1        ;
; state.s2   ; 0          ; 0        ; 0        ; 0        ; 0        ; 1        ; 0        ; 1        ;
; state.s3   ; 0          ; 0        ; 0        ; 0        ; 1        ; 0        ; 0        ; 1        ;
; state.s4   ; 0          ; 0        ; 0        ; 1        ; 0        ; 0        ; 0        ; 1        ;
; state.s5   ; 0          ; 0        ; 1        ; 0        ; 0        ; 0        ; 0        ; 1        ;
; state.s6   ; 0          ; 1        ; 0        ; 0        ; 0        ; 0        ; 0        ; 1        ;
; state.done ; 1          ; 0        ; 0        ; 0        ; 0        ; 0        ; 0        ; 1        ;
+------------+------------+----------+----------+----------+----------+----------+----------+----------+


+---------------------------------------------------------------------------------------------------+
; Registers Removed During Synthesis                                                                ;
+------------------------------------------+--------------------------------------------------------+
; Register name                            ; Reason for Removal                                     ;
+------------------------------------------+--------------------------------------------------------+
; hex5[6]~reg0                             ; Stuck at VCC due to stuck port data_in                 ;
; hex5[2]~reg0                             ; Stuck at GND due to stuck port data_in                 ;
; hex5[1]~reg0                             ; Stuck at GND due to stuck port data_in                 ;
; hex7[6]~reg0                             ; Stuck at VCC due to stuck port data_in                 ;
; hex7[2]~reg0                             ; Stuck at GND due to stuck port data_in                 ;
; hex7[1]~reg0                             ; Stuck at GND due to stuck port data_in                 ;
; dp:datapath|acc:acumulador_atual|temp[3] ; Merged with dp:datapath|acc:acumulador_atual|output[3] ;
; dp:datapath|acc:acumulador_atual|temp[2] ; Merged with dp:datapath|acc:acumulador_atual|output[2] ;
; dp:datapath|acc:acumulador_atual|temp[1] ; Merged with dp:datapath|acc:acumulador_atual|output[1] ;
; dp:datapath|acc:acumulador_atual|temp[0] ; Merged with dp:datapath|acc:acumulador_atual|output[0] ;
; hex1[6]~reg0                             ; Merged with hex0[6]~reg0                               ;
; hex2[6]~reg0                             ; Merged with hex0[6]~reg0                               ;
; hex3[6]~reg0                             ; Merged with hex0[6]~reg0                               ;
; hex3[3]~reg0                             ; Merged with hex3[0]~reg0                               ;
; hex3[4]~reg0                             ; Merged with hex3[0]~reg0                               ;
; hex3[5]~reg0                             ; Merged with hex3[0]~reg0                               ;
; hex0[2]~reg0                             ; Merged with hex0[1]~reg0                               ;
; hex1[1]~reg0                             ; Merged with hex0[1]~reg0                               ;
; hex1[2]~reg0                             ; Merged with hex0[1]~reg0                               ;
; hex2[1]~reg0                             ; Merged with hex0[1]~reg0                               ;
; hex2[2]~reg0                             ; Merged with hex0[1]~reg0                               ;
; hex3[1]~reg0                             ; Merged with hex0[1]~reg0                               ;
; hex3[2]~reg0                             ; Merged with hex0[1]~reg0                               ;
; hex2[3]~reg0                             ; Merged with hex2[0]~reg0                               ;
; hex2[4]~reg0                             ; Merged with hex2[0]~reg0                               ;
; hex2[5]~reg0                             ; Merged with hex2[0]~reg0                               ;
; hex0[3]~reg0                             ; Merged with hex0[0]~reg0                               ;
; hex0[4]~reg0                             ; Merged with hex0[0]~reg0                               ;
; hex0[5]~reg0                             ; Merged with hex0[0]~reg0                               ;
; hex1[3]~reg0                             ; Merged with hex1[0]~reg0                               ;
; hex1[4]~reg0                             ; Merged with hex1[0]~reg0                               ;
; hex1[5]~reg0                             ; Merged with hex1[0]~reg0                               ;
; hex0[1]~reg0                             ; Stuck at GND due to stuck port data_in                 ;
; hex0[6]~reg0                             ; Stuck at VCC due to stuck port data_in                 ;
; Total Number of Removed Registers = 34   ;                                                        ;
+------------------------------------------+--------------------------------------------------------+


+------------------------------------------------------+
; General Register Statistics                          ;
+----------------------------------------------+-------+
; Statistic                                    ; Value ;
+----------------------------------------------+-------+
; Total registers                              ; 153   ;
; Number of registers using Synchronous Clear  ; 0     ;
; Number of registers using Synchronous Load   ; 0     ;
; Number of registers using Asynchronous Clear ; 124   ;
; Number of registers using Asynchronous Load  ; 0     ;
; Number of registers using Clock Enable       ; 107   ;
; Number of registers using Preset             ; 0     ;
+----------------------------------------------+-------+


+---------------------------------------------------+
; Inverted Register Statistics                      ;
+-----------------------------------------+---------+
; Inverted Register                       ; Fan out ;
+-----------------------------------------+---------+
; hex4[6]~reg0                            ; 1       ;
; hex6[6]~reg0                            ; 1       ;
; dp:datapath|opcode_sig[0]               ; 6       ;
; dp:datapath|opcode_sig[1]               ; 7       ;
; dp:datapath|opcode_sig[2]               ; 15      ;
; dp:datapath|opcode_sig[3]               ; 11      ;
; ctrl:controller|OPCODE[0]               ; 3       ;
; ctrl:controller|OPCODE[1]               ; 3       ;
; ctrl:controller|OPCODE[2]               ; 3       ;
; ctrl:controller|OPCODE[3]               ; 3       ;
; dp:datapath|imm_sig[0]                  ; 1       ;
; dp:datapath|imm_sig[1]                  ; 1       ;
; dp:datapath|imm_sig[2]                  ; 1       ;
; dp:datapath|imm_sig[3]                  ; 1       ;
; Total number of inverted registers = 14 ;         ;
+-----------------------------------------+---------+


+---------------------------------------------------------------------------------------------------------------------------------------------------------+
; Multiplexer Restructuring Statistics (Restructuring Performed)                                                                                          ;
+--------------------+-----------+---------------+----------------------+------------------------+------------+-------------------------------------------+
; Multiplexer Inputs ; Bus Width ; Baseline Area ; Area if Restructured ; Saving if Restructured ; Registered ; Example Multiplexer Output                ;
+--------------------+-----------+---------------+----------------------+------------------------+------------+-------------------------------------------+
; 4:1                ; 4 bits    ; 8 LEs         ; 8 LEs                ; 0 LEs                  ; Yes        ; |cpu|dp:datapath|rf:registrador|output[1] ;
; 3:1                ; 3 bits    ; 6 LEs         ; 3 LEs                ; 3 LEs                  ; Yes        ; |cpu|ctrl:controller|imm[3]               ;
; 8:1                ; 5 bits    ; 25 LEs        ; 15 LEs               ; 10 LEs                 ; Yes        ; |cpu|hex3[0]~reg0                         ;
; 4:1                ; 2 bits    ; 4 LEs         ; 2 LEs                ; 2 LEs                  ; Yes        ; |cpu|dp:datapath|teste[0]                 ;
; 4:1                ; 3 bits    ; 6 LEs         ; 6 LEs                ; 0 LEs                  ; Yes        ; |cpu|ctrl:controller|estado_atual[0]      ;
; 4:1                ; 2 bits    ; 4 LEs         ; 0 LEs                ; 4 LEs                  ; Yes        ; |cpu|dp:datapath|dd[0]                    ;
; 6:1                ; 4 bits    ; 16 LEs        ; 4 LEs                ; 12 LEs                 ; Yes        ; |cpu|dp:datapath|acu_in[0]                ;
; 6:1                ; 30 bits   ; 120 LEs       ; 60 LEs               ; 60 LEs                 ; Yes        ; |cpu|ctrl:controller|PC[13]               ;
; 13:1               ; 4 bits    ; 32 LEs        ; 16 LEs               ; 16 LEs                 ; Yes        ; |cpu|dp:datapath|alu:alu1|output[3]       ;
; 7:1                ; 4 bits    ; 16 LEs        ; 4 LEs                ; 12 LEs                 ; Yes        ; |cpu|dp:datapath|alu_in2[2]               ;
; 8:1                ; 4 bits    ; 20 LEs        ; 4 LEs                ; 16 LEs                 ; Yes        ; |cpu|dp:datapath|alu_in1[0]               ;
; 6:1                ; 2 bits    ; 8 LEs         ; 4 LEs                ; 4 LEs                  ; Yes        ; |cpu|ctrl:controller|PC[31]               ;
+--------------------+-----------+---------------+----------------------+------------------------+------------+-------------------------------------------+


+-------------------------------+
; Elapsed Time Per Partition    ;
+----------------+--------------+
; Partition Name ; Elapsed Time ;
+----------------+--------------+
; Top            ; 00:00:00     ;
+----------------+--------------+


+-------------------------------+
; Analysis & Synthesis Messages ;
+-------------------------------+
Info: *******************************************************************
Info: Running Quartus II 64-Bit Analysis & Synthesis
    Info: Version 13.0.1 Build 232 06/12/2013 Service Pack 1 SJ Web Edition
    Info: Processing started: Tue Jul  3 18:15:46 2018
Info: Command: quartus_map --read_settings_files=on --write_settings_files=off processador -c processador
Warning (20028): Parallel compilation is not licensed and has been disabled
Info (12021): Found 8 design units, including 4 entities, in source file dp.vhdl
    Info (12022): Found design unit 1: alu-bhv
    Info (12022): Found design unit 2: acc-bhv
    Info (12022): Found design unit 3: rf-bhv
    Info (12022): Found design unit 4: dp-rtl2
    Info (12023): Found entity 1: alu
    Info (12023): Found entity 2: acc
    Info (12023): Found entity 3: rf
    Info (12023): Found entity 4: dp
Info (12021): Found 2 design units, including 1 entities, in source file ctrl.vhdl
    Info (12022): Found design unit 1: ctrl-fsm
    Info (12023): Found entity 1: ctrl
Info (12021): Found 2 design units, including 1 entities, in source file cpu.vhdl
    Info (12022): Found design unit 1: cpu-struc
    Info (12023): Found entity 1: cpu
Info (12127): Elaborating entity "cpu" for the top level hierarchy
Info (12128): Elaborating entity "ctrl" for hierarchy "ctrl:controller"
Info (12128): Elaborating entity "dp" for hierarchy "dp:datapath"
Info (12128): Elaborating entity "alu" for hierarchy "dp:datapath|alu:alu1"
Info (12128): Elaborating entity "acc" for hierarchy "dp:datapath|acc:acumulador_atual"
Info (12128): Elaborating entity "rf" for hierarchy "dp:datapath|rf:registrador"
Info (13000): Registers with preset signals will power-up high
Info (13003): DEV_CLRn pin will set, and not reset, register with preset signal due to NOT Gate Push-Back
Warning (13024): Output pins are stuck at VCC or GND
    Warning (13410): Pin "hex0[1]" is stuck at GND
    Warning (13410): Pin "hex0[2]" is stuck at GND
    Warning (13410): Pin "hex0[6]" is stuck at VCC
    Warning (13410): Pin "hex1[1]" is stuck at GND
    Warning (13410): Pin "hex1[2]" is stuck at GND
    Warning (13410): Pin "hex1[6]" is stuck at VCC
    Warning (13410): Pin "hex2[1]" is stuck at GND
    Warning (13410): Pin "hex2[2]" is stuck at GND
    Warning (13410): Pin "hex2[6]" is stuck at VCC
    Warning (13410): Pin "hex3[1]" is stuck at GND
    Warning (13410): Pin "hex3[2]" is stuck at GND
    Warning (13410): Pin "hex3[6]" is stuck at VCC
    Warning (13410): Pin "hex5[1]" is stuck at GND
    Warning (13410): Pin "hex5[2]" is stuck at GND
    Warning (13410): Pin "hex5[6]" is stuck at VCC
    Warning (13410): Pin "hex7[1]" is stuck at GND
    Warning (13410): Pin "hex7[2]" is stuck at GND
    Warning (13410): Pin "hex7[6]" is stuck at VCC
Critical Warning (18061): Ignored Power-Up Level option on the following registers
    Critical Warning (18010): Register ctrl:controller|PC[0] will power up to Low
    Critical Warning (18010): Register ctrl:controller|PC[31] will power up to Low
    Critical Warning (18010): Register dp:datapath|alu_in2[0] will power up to Low
    Critical Warning (18010): Register dp:datapath|alu_in1[0] will power up to Low
    Critical Warning (18010): Register dp:datapath|rf:registrador|out2[0] will power up to Low
    Critical Warning (18010): Register dp:datapath|rf:registrador|out1[0] will power up to Low
    Critical Warning (18010): Register dp:datapath|rf:registrador|out3[0] will power up to Low
    Critical Warning (18010): Register dp:datapath|alu_in1[1] will power up to Low
    Critical Warning (18010): Register dp:datapath|alu_in2[1] will power up to Low
    Critical Warning (18010): Register dp:datapath|rf:registrador|out2[1] will power up to Low
    Critical Warning (18010): Register dp:datapath|alu_in1[2] will power up to Low
    Critical Warning (18010): Register dp:datapath|alu_in2[2] will power up to Low
    Critical Warning (18010): Register dp:datapath|rf:registrador|out2[2] will power up to Low
    Critical Warning (18010): Register dp:datapath|alu_in1[3] will power up to Low
    Critical Warning (18010): Register dp:datapath|alu_in2[3] will power up to Low
    Critical Warning (18010): Register dp:datapath|rf:registrador|out1[3] will power up to Low
    Critical Warning (18010): Register dp:datapath|rf:registrador|out0[3] will power up to Low
Info (16010): Generating hard_block partition "hard_block:auto_generated_inst"
    Info (16011): Adding 0 node(s), including 0 DDIO, 0 PLL, 0 transceiver and 0 LCELL
Info (21057): Implemented 317 device resources after synthesis - the final resource count might be different
    Info (21058): Implemented 3 input pins
    Info (21059): Implemented 60 output pins
    Info (21061): Implemented 254 logic cells
Info: Quartus II 64-Bit Analysis & Synthesis was successful. 0 errors, 38 warnings
    Info: Peak virtual memory: 653 megabytes
    Info: Processing ended: Tue Jul  3 18:15:48 2018
    Info: Elapsed time: 00:00:02
    Info: Total CPU time (on all processors): 00:00:03


