Flow report for contador
Sat Jun  9 10:06:09 2018
Quartus II 64-Bit Version 13.0.1 Build 232 06/12/2013 Service Pack 1 SJ Web Edition


---------------------
; Table of Contents ;
---------------------
  1. Legal Notice
  2. Flow Summary
  3. Flow Settings
  4. Flow Non-Default Global Settings
  5. Flow Elapsed Time
  6. Flow OS Summary
  7. Flow Log
  8. Flow Messages
  9. Flow Suppressed Messages



----------------
; Legal Notice ;
----------------
Copyright (C) 1991-2013 Altera Corporation
Your use of Altera Corporation's design tools, logic functions 
and other software and tools, and its AMPP partner logic 
functions, and any output files from any of the foregoing 
(including device programming or simulation files), and any 
associated documentation or information are expressly subject 
to the terms and conditions of the Altera Program License 
Subscription Agreement, Altera MegaCore Function License 
Agreement, or other applicable license agreement, including, 
without limitation, that your use is for the sole purpose of 
programming logic devices manufactured by Altera and sold by 
Altera or its authorized distributors.  Please refer to the 
applicable agreement for further details.



+--------------------------------------------------------------------------------------+
; Flow Summary                                                                         ;
+------------------------------------+-------------------------------------------------+
; Flow Status                        ; Successful - Sat Jun  9 10:06:09 2018           ;
; Quartus II 64-Bit Version          ; 13.0.1 Build 232 06/12/2013 SP 1 SJ Web Edition ;
; Revision Name                      ; contador                                        ;
; Top-level Entity Name              ; relogio                                         ;
; Family                             ; Cyclone II                                      ;
; Device                             ; EP2C35F672C6                                    ;
; Timing Models                      ; Final                                           ;
; Total logic elements               ; 2,761 / 33,216 ( 8 % )                          ;
;     Total combinational functions  ; 2,759 / 33,216 ( 8 % )                          ;
;     Dedicated logic registers      ; 1,878 / 33,216 ( 6 % )                          ;
; Total registers                    ; 1878                                            ;
; Total pins                         ; 51 / 475 ( 11 % )                               ;
; Total virtual pins                 ; 0                                               ;
; Total memory bits                  ; 0 / 483,840 ( 0 % )                             ;
; Embedded Multiplier 9-bit elements ; 0 / 70 ( 0 % )                                  ;
; Total PLLs                         ; 0 / 4 ( 0 % )                                   ;
+------------------------------------+-------------------------------------------------+


+-----------------------------------------+
; Flow Settings                           ;
+-------------------+---------------------+
; Option            ; Setting             ;
+-------------------+---------------------+
; Start date & time ; 06/09/2018 10:03:50 ;
; Main task         ; Compilation         ;
; Revision Name     ; contador            ;
+-------------------+---------------------+


+----------------------------------------------------------------------------------------------------------------+
; Flow Non-Default Global Settings                                                                               ;
+-------------------------------------+---------------------------+---------------+-------------+----------------+
; Assignment Name                     ; Value                     ; Default Value ; Entity Name ; Section Id     ;
+-------------------------------------+---------------------------+---------------+-------------+----------------+
; COMPILER_SIGNATURE_ID               ; 0.152854943002026         ; --            ; --          ; --             ;
; EDA_GENERATE_FUNCTIONAL_NETLIST     ; Off                       ; --            ; --          ; eda_simulation ;
; EDA_OUTPUT_DATA_FORMAT              ; Verilog Hdl               ; --            ; --          ; eda_simulation ;
; EDA_SIMULATION_TOOL                 ; ModelSim-Altera (Verilog) ; <None>        ; --          ; --             ;
; EDA_TIME_SCALE                      ; 1 ps                      ; --            ; --          ; eda_simulation ;
; MAX_CORE_JUNCTION_TEMP              ; 85                        ; --            ; --          ; --             ;
; MIN_CORE_JUNCTION_TEMP              ; 0                         ; --            ; --          ; --             ;
; PARTITION_COLOR                     ; 16764057                  ; --            ; relogio     ; Top            ;
; PARTITION_FITTER_PRESERVATION_LEVEL ; PLACEMENT_AND_ROUTING     ; --            ; relogio     ; Top            ;
; PARTITION_NETLIST_TYPE              ; SOURCE                    ; --            ; relogio     ; Top            ;
; PROJECT_OUTPUT_DIRECTORY            ; output_files              ; --            ; --          ; --             ;
; TOP_LEVEL_ENTITY                    ; relogio                   ; contador      ; --          ; --             ;
+-------------------------------------+---------------------------+---------------+-------------+----------------+


+-------------------------------------------------------------------------------------------------------------------------------+
; Flow Elapsed Time                                                                                                             ;
+---------------------------+--------------+-------------------------+---------------------+------------------------------------+
; Module Name               ; Elapsed Time ; Average Processors Used ; Peak Virtual Memory ; Total CPU Time (on all processors) ;
+---------------------------+--------------+-------------------------+---------------------+------------------------------------+
; Analysis & Synthesis      ; 00:00:06     ; 1.0                     ; 625 MB              ; 00:00:06                           ;
; Fitter                    ; 00:00:39     ; 1.0                     ; 764 MB              ; 00:00:39                           ;
; Assembler                 ; 00:00:03     ; 1.0                     ; 584 MB              ; 00:00:03                           ;
; TimeQuest Timing Analyzer ; 00:01:15     ; 1.0                     ; 1046 MB             ; 00:01:15                           ;
; EDA Netlist Writer        ; 00:00:03     ; 1.0                     ; 830 MB              ; 00:00:04                           ;
; Total                     ; 00:02:06     ; --                      ; --                  ; 00:02:07                           ;
+---------------------------+--------------+-------------------------+---------------------+------------------------------------+


+-------------------------------------------------------------------------------------------+
; Flow OS Summary                                                                           ;
+---------------------------+------------------+--------------+------------+----------------+
; Module Name               ; Machine Hostname ; OS Name      ; OS Version ; Processor type ;
+---------------------------+------------------+--------------+------------+----------------+
; Analysis & Synthesis      ; cicero-K46CA     ; Ubuntu 18.04 ; 18         ; x86_64         ;
; Fitter                    ; cicero-K46CA     ; Ubuntu 18.04 ; 18         ; x86_64         ;
; Assembler                 ; cicero-K46CA     ; Ubuntu 18.04 ; 18         ; x86_64         ;
; TimeQuest Timing Analyzer ; cicero-K46CA     ; Ubuntu 18.04 ; 18         ; x86_64         ;
; EDA Netlist Writer        ; cicero-K46CA     ; Ubuntu 18.04 ; 18         ; x86_64         ;
+---------------------------+------------------+--------------+------------+----------------+


------------
; Flow Log ;
------------
quartus_map --read_settings_files=on --write_settings_files=off relogio -c contador
quartus_fit --read_settings_files=off --write_settings_files=off relogio -c contador
quartus_asm --read_settings_files=off --write_settings_files=off relogio -c contador
quartus_sta relogio -c contador
quartus_eda --read_settings_files=off --write_settings_files=off relogio -c contador



