Analysis & Synthesis report for contador
Sat Jun  9 10:03:56 2018
Quartus II 64-Bit Version 13.0.1 Build 232 06/12/2013 Service Pack 1 SJ Web Edition


---------------------
; Table of Contents ;
---------------------
  1. Legal Notice
  2. Analysis & Synthesis Summary
  3. Analysis & Synthesis Settings
  4. Parallel Compilation
  5. Analysis & Synthesis Source Files Read
  6. Analysis & Synthesis Resource Usage Summary
  7. Analysis & Synthesis Resource Utilization by Entity
  8. User-Specified and Inferred Latches
  9. Registers Removed During Synthesis
 10. General Register Statistics
 11. Inverted Register Statistics
 12. Multiplexer Restructuring Statistics (Restructuring Performed)
 13. Port Connectivity Checks: "decodificador:D2"
 14. Port Connectivity Checks: "decodificador:D1"
 15. Port Connectivity Checks: "alarme:A1|contador:H2"
 16. Port Connectivity Checks: "alarme:A1|contador:H1"
 17. Port Connectivity Checks: "alarme:A1|contador:M2"
 18. Port Connectivity Checks: "alarme:A1|contador:M1"
 19. Port Connectivity Checks: "alarme:A1|divF:DIV2"
 20. Port Connectivity Checks: "alarme:A1|divF:DIV1"
 21. Port Connectivity Checks: "alarme:A1"
 22. Port Connectivity Checks: "cronometro:C1|contador:M2"
 23. Port Connectivity Checks: "cronometro:C1|contador:M1"
 24. Port Connectivity Checks: "cronometro:C1|contador:S2"
 25. Port Connectivity Checks: "cronometro:C1|contador:S1"
 26. Port Connectivity Checks: "cronometro:C1|contador:MS2"
 27. Port Connectivity Checks: "cronometro:C1|contador:MS1"
 28. Port Connectivity Checks: "cronometro:C1|divF:DIV1"
 29. Port Connectivity Checks: "cronometro:C1|divF:DIV2"
 30. Port Connectivity Checks: "cronometro:C1"
 31. Port Connectivity Checks: "horario:H1|contador:H2"
 32. Port Connectivity Checks: "horario:H1|contador:H1"
 33. Port Connectivity Checks: "horario:H1|contador:M2"
 34. Port Connectivity Checks: "horario:H1|contador:M1"
 35. Port Connectivity Checks: "horario:H1|contador:S2"
 36. Port Connectivity Checks: "horario:H1|contador:S1|divF:DIV4"
 37. Port Connectivity Checks: "horario:H1|contador:S1|divF:DIV3"
 38. Port Connectivity Checks: "horario:H1|contador:S1|divF:DIV2"
 39. Port Connectivity Checks: "horario:H1|contador:S1|divF:DIV1"
 40. Port Connectivity Checks: "horario:H1|contador:S1"
 41. Port Connectivity Checks: "horario:H1|divF:DIV1"
 42. Port Connectivity Checks: "horario:H1|divF:DIV2"
 43. Port Connectivity Checks: "horario:H1|divF:DIV3"
 44. Port Connectivity Checks: "horario:H1"
 45. Elapsed Time Per Partition
 46. Analysis & Synthesis Messages



----------------
; Legal Notice ;
----------------
Copyright (C) 1991-2013 Altera Corporation
Your use of Altera Corporation's design tools, logic functions 
and other software and tools, and its AMPP partner logic 
functions, and any output files from any of the foregoing 
(including device programming or simulation files), and any 
associated documentation or information are expressly subject 
to the terms and conditions of the Altera Program License 
Subscription Agreement, Altera MegaCore Function License 
Agreement, or other applicable license agreement, including, 
without limitation, that your use is for the sole purpose of 
programming logic devices manufactured by Altera and sold by 
Altera or its authorized distributors.  Please refer to the 
applicable agreement for further details.



+--------------------------------------------------------------------------------------+
; Analysis & Synthesis Summary                                                         ;
+------------------------------------+-------------------------------------------------+
; Analysis & Synthesis Status        ; Successful - Sat Jun  9 10:03:56 2018           ;
; Quartus II 64-Bit Version          ; 13.0.1 Build 232 06/12/2013 SP 1 SJ Web Edition ;
; Revision Name                      ; contador                                        ;
; Top-level Entity Name              ; relogio                                         ;
; Family                             ; Cyclone II                                      ;
; Total logic elements               ; 2,777                                           ;
;     Total combinational functions  ; 2,759                                           ;
;     Dedicated logic registers      ; 1,878                                           ;
; Total registers                    ; 1878                                            ;
; Total pins                         ; 51                                              ;
; Total virtual pins                 ; 0                                               ;
; Total memory bits                  ; 0                                               ;
; Embedded Multiplier 9-bit elements ; 0                                               ;
; Total PLLs                         ; 0                                               ;
+------------------------------------+-------------------------------------------------+


+----------------------------------------------------------------------------------------------------------------------+
; Analysis & Synthesis Settings                                                                                        ;
+----------------------------------------------------------------------------+--------------------+--------------------+
; Option                                                                     ; Setting            ; Default Value      ;
+----------------------------------------------------------------------------+--------------------+--------------------+
; Device                                                                     ; EP2C35F672C6       ;                    ;
; Top-level entity name                                                      ; relogio            ; contador           ;
; Family name                                                                ; Cyclone II         ; Cyclone IV GX      ;
; Use smart compilation                                                      ; Off                ; Off                ;
; Enable parallel Assembler and TimeQuest Timing Analyzer during compilation ; On                 ; On                 ;
; Enable compact report table                                                ; Off                ; Off                ;
; Restructure Multiplexers                                                   ; Auto               ; Auto               ;
; Create Debugging Nodes for IP Cores                                        ; Off                ; Off                ;
; Preserve fewer node names                                                  ; On                 ; On                 ;
; Disable OpenCore Plus hardware evaluation                                  ; Off                ; Off                ;
; Verilog Version                                                            ; Verilog_2001       ; Verilog_2001       ;
; VHDL Version                                                               ; VHDL_1993          ; VHDL_1993          ;
; State Machine Processing                                                   ; Auto               ; Auto               ;
; Safe State Machine                                                         ; Off                ; Off                ;
; Extract Verilog State Machines                                             ; On                 ; On                 ;
; Extract VHDL State Machines                                                ; On                 ; On                 ;
; Ignore Verilog initial constructs                                          ; Off                ; Off                ;
; Iteration limit for constant Verilog loops                                 ; 5000               ; 5000               ;
; Iteration limit for non-constant Verilog loops                             ; 250                ; 250                ;
; Add Pass-Through Logic to Inferred RAMs                                    ; On                 ; On                 ;
; Infer RAMs from Raw Logic                                                  ; On                 ; On                 ;
; Parallel Synthesis                                                         ; On                 ; On                 ;
; DSP Block Balancing                                                        ; Auto               ; Auto               ;
; NOT Gate Push-Back                                                         ; On                 ; On                 ;
; Power-Up Don't Care                                                        ; On                 ; On                 ;
; Remove Redundant Logic Cells                                               ; Off                ; Off                ;
; Remove Duplicate Registers                                                 ; On                 ; On                 ;
; Ignore CARRY Buffers                                                       ; Off                ; Off                ;
; Ignore CASCADE Buffers                                                     ; Off                ; Off                ;
; Ignore GLOBAL Buffers                                                      ; Off                ; Off                ;
; Ignore ROW GLOBAL Buffers                                                  ; Off                ; Off                ;
; Ignore LCELL Buffers                                                       ; Off                ; Off                ;
; Ignore SOFT Buffers                                                        ; On                 ; On                 ;
; Limit AHDL Integers to 32 Bits                                             ; Off                ; Off                ;
; Optimization Technique                                                     ; Balanced           ; Balanced           ;
; Carry Chain Length                                                         ; 70                 ; 70                 ;
; Auto Carry Chains                                                          ; On                 ; On                 ;
; Auto Open-Drain Pins                                                       ; On                 ; On                 ;
; Perform WYSIWYG Primitive Resynthesis                                      ; Off                ; Off                ;
; Auto ROM Replacement                                                       ; On                 ; On                 ;
; Auto RAM Replacement                                                       ; On                 ; On                 ;
; Auto Shift Register Replacement                                            ; Auto               ; Auto               ;
; Allow Shift Register Merging across Hierarchies                            ; Auto               ; Auto               ;
; Auto Clock Enable Replacement                                              ; On                 ; On                 ;
; Strict RAM Replacement                                                     ; Off                ; Off                ;
; Allow Synchronous Control Signals                                          ; On                 ; On                 ;
; Force Use of Synchronous Clear Signals                                     ; Off                ; Off                ;
; Auto RAM to Logic Cell Conversion                                          ; Off                ; Off                ;
; Auto Resource Sharing                                                      ; Off                ; Off                ;
; Allow Any RAM Size For Recognition                                         ; Off                ; Off                ;
; Allow Any ROM Size For Recognition                                         ; Off                ; Off                ;
; Allow Any Shift Register Size For Recognition                              ; Off                ; Off                ;
; Use LogicLock Constraints during Resource Balancing                        ; On                 ; On                 ;
; Ignore translate_off and synthesis_off directives                          ; Off                ; Off                ;
; Timing-Driven Synthesis                                                    ; Off                ; Off                ;
; Report Parameter Settings                                                  ; On                 ; On                 ;
; Report Source Assignments                                                  ; On                 ; On                 ;
; Report Connectivity Checks                                                 ; On                 ; On                 ;
; Ignore Maximum Fan-Out Assignments                                         ; Off                ; Off                ;
; Synchronization Register Chain Length                                      ; 2                  ; 2                  ;
; PowerPlay Power Optimization                                               ; Normal compilation ; Normal compilation ;
; HDL message level                                                          ; Level2             ; Level2             ;
; Suppress Register Optimization Related Messages                            ; Off                ; Off                ;
; Number of Removed Registers Reported in Synthesis Report                   ; 5000               ; 5000               ;
; Number of Swept Nodes Reported in Synthesis Report                         ; 5000               ; 5000               ;
; Number of Inverted Registers Reported in Synthesis Report                  ; 100                ; 100                ;
; Clock MUX Protection                                                       ; On                 ; On                 ;
; Auto Gated Clock Conversion                                                ; Off                ; Off                ;
; Block Design Naming                                                        ; Auto               ; Auto               ;
; SDC constraint protection                                                  ; Off                ; Off                ;
; Synthesis Effort                                                           ; Auto               ; Auto               ;
; Shift Register Replacement - Allow Asynchronous Clear Signal               ; On                 ; On                 ;
; Pre-Mapping Resynthesis Optimization                                       ; Off                ; Off                ;
; Analysis & Synthesis Message Level                                         ; Medium             ; Medium             ;
; Disable Register Merging Across Hierarchies                                ; Auto               ; Auto               ;
; Resource Aware Inference For Block RAM                                     ; On                 ; On                 ;
; Synthesis Seed                                                             ; 1                  ; 1                  ;
+----------------------------------------------------------------------------+--------------------+--------------------+


Parallel compilation was disabled, but you have multiple processors available. Enable parallel compilation to reduce compilation time.
+-------------------------------------+
; Parallel Compilation                ;
+----------------------------+--------+
; Processors                 ; Number ;
+----------------------------+--------+
; Number detected on machine ; 4      ;
; Maximum allowed            ; 1      ;
+----------------------------+--------+


+-------------------------------------------------------------------------------------------------------------------------------------------------------------------------------------------------+
; Analysis & Synthesis Source Files Read                                                                                                                                                          ;
+----------------------------------+-----------------+-----------------+----------------------------------------------------------------------------------------------------------------+---------+
; File Name with User-Entered Path ; Used in Netlist ; File Type       ; File Name with Absolute Path                                                                                   ; Library ;
+----------------------------------+-----------------+-----------------+----------------------------------------------------------------------------------------------------------------+---------+
; divF.vhd                         ; yes             ; User VHDL File  ; /home/cicero/Dropbox/CeT 2018.1/Sistemas Digitais/Laboratorio/Segundo Projeto - Relogio/VHDL/divF.vhd          ;         ;
; contador.vhd                     ; yes             ; User VHDL File  ; /home/cicero/Dropbox/CeT 2018.1/Sistemas Digitais/Laboratorio/Segundo Projeto - Relogio/VHDL/contador.vhd      ;         ;
; cronometro.vhd                   ; yes             ; User VHDL File  ; /home/cicero/Dropbox/CeT 2018.1/Sistemas Digitais/Laboratorio/Segundo Projeto - Relogio/VHDL/cronometro.vhd    ;         ;
; horario.vhd                      ; yes             ; User VHDL File  ; /home/cicero/Dropbox/CeT 2018.1/Sistemas Digitais/Laboratorio/Segundo Projeto - Relogio/VHDL/horario.vhd       ;         ;
; alarme.vhd                       ; yes             ; User VHDL File  ; /home/cicero/Dropbox/CeT 2018.1/Sistemas Digitais/Laboratorio/Segundo Projeto - Relogio/VHDL/alarme.vhd        ;         ;
; relogio.vhd                      ; yes             ; User VHDL File  ; /home/cicero/Dropbox/CeT 2018.1/Sistemas Digitais/Laboratorio/Segundo Projeto - Relogio/VHDL/relogio.vhd       ;         ;
; decodificador.vhd                ; yes             ; User VHDL File  ; /home/cicero/Dropbox/CeT 2018.1/Sistemas Digitais/Laboratorio/Segundo Projeto - Relogio/VHDL/decodificador.vhd ;         ;
+----------------------------------+-----------------+-----------------+----------------------------------------------------------------------------------------------------------------+---------+


+---------------------------------------------------------------------------------+
; Analysis & Synthesis Resource Usage Summary                                     ;
+---------------------------------------------+-----------------------------------+
; Resource                                    ; Usage                             ;
+---------------------------------------------+-----------------------------------+
; Estimated Total logic elements              ; 2,777                             ;
;                                             ;                                   ;
; Total combinational functions               ; 2759                              ;
; Logic element usage by number of LUT inputs ;                                   ;
;     -- 4 input functions                    ; 727                               ;
;     -- 3 input functions                    ; 210                               ;
;     -- <=2 input functions                  ; 1822                              ;
;                                             ;                                   ;
; Logic elements by mode                      ;                                   ;
;     -- normal mode                          ; 1060                              ;
;     -- arithmetic mode                      ; 1699                              ;
;                                             ;                                   ;
; Total registers                             ; 1878                              ;
;     -- Dedicated logic registers            ; 1878                              ;
;     -- I/O registers                        ; 0                                 ;
;                                             ;                                   ;
; I/O pins                                    ; 51                                ;
; Embedded Multiplier 9-bit elements          ; 0                                 ;
; Maximum fan-out node                        ; cronometro:C1|contador:MS1|comb~0 ;
; Maximum fan-out                             ; 108                               ;
; Total fan-out                               ; 12648                             ;
; Average fan-out                             ; 2.70                              ;
+---------------------------------------------+-----------------------------------+


+-------------------------------------------------------------------------------------------------------------------------------------------------------------------------------------------------------+
; Analysis & Synthesis Resource Utilization by Entity                                                                                                                                                   ;
+----------------------------+-------------------+--------------+-------------+--------------+---------+-----------+------+--------------+-----------------------------------------------+--------------+
; Compilation Hierarchy Node ; LC Combinationals ; LC Registers ; Memory Bits ; DSP Elements ; DSP 9x9 ; DSP 18x18 ; Pins ; Virtual Pins ; Full Hierarchy Name                           ; Library Name ;
+----------------------------+-------------------+--------------+-------------+--------------+---------+-----------+------+--------------+-----------------------------------------------+--------------+
; |relogio                   ; 2759 (44)         ; 1878 (2)     ; 0           ; 0            ; 0       ; 0         ; 51   ; 0            ; |relogio                                      ; work         ;
;    |alarme:A1|             ; 682 (28)          ; 470 (5)      ; 0           ; 0            ; 0       ; 0         ; 0    ; 0            ; |relogio|alarme:A1                            ; work         ;
;       |contador:H1|        ; 152 (3)           ; 110 (2)      ; 0           ; 0            ; 0       ; 0         ; 0    ; 0            ; |relogio|alarme:A1|contador:H1                ; work         ;
;          |divF:DIV1|       ; 38 (38)           ; 27 (27)      ; 0           ; 0            ; 0       ; 0         ; 0    ; 0            ; |relogio|alarme:A1|contador:H1|divF:DIV1      ; work         ;
;          |divF:DIV2|       ; 37 (37)           ; 27 (27)      ; 0           ; 0            ; 0       ; 0         ; 0    ; 0            ; |relogio|alarme:A1|contador:H1|divF:DIV2      ; work         ;
;          |divF:DIV3|       ; 37 (37)           ; 27 (27)      ; 0           ; 0            ; 0       ; 0         ; 0    ; 0            ; |relogio|alarme:A1|contador:H1|divF:DIV3      ; work         ;
;          |divF:DIV4|       ; 37 (37)           ; 27 (27)      ; 0           ; 0            ; 0       ; 0         ; 0    ; 0            ; |relogio|alarme:A1|contador:H1|divF:DIV4      ; work         ;
;       |contador:H2|        ; 152 (3)           ; 110 (2)      ; 0           ; 0            ; 0       ; 0         ; 0    ; 0            ; |relogio|alarme:A1|contador:H2                ; work         ;
;          |divF:DIV1|       ; 38 (38)           ; 27 (27)      ; 0           ; 0            ; 0       ; 0         ; 0    ; 0            ; |relogio|alarme:A1|contador:H2|divF:DIV1      ; work         ;
;          |divF:DIV2|       ; 37 (37)           ; 27 (27)      ; 0           ; 0            ; 0       ; 0         ; 0    ; 0            ; |relogio|alarme:A1|contador:H2|divF:DIV2      ; work         ;
;          |divF:DIV3|       ; 37 (37)           ; 27 (27)      ; 0           ; 0            ; 0       ; 0         ; 0    ; 0            ; |relogio|alarme:A1|contador:H2|divF:DIV3      ; work         ;
;          |divF:DIV4|       ; 37 (37)           ; 27 (27)      ; 0           ; 0            ; 0       ; 0         ; 0    ; 0            ; |relogio|alarme:A1|contador:H2|divF:DIV4      ; work         ;
;       |contador:M1|        ; 152 (3)           ; 110 (2)      ; 0           ; 0            ; 0       ; 0         ; 0    ; 0            ; |relogio|alarme:A1|contador:M1                ; work         ;
;          |divF:DIV1|       ; 38 (38)           ; 27 (27)      ; 0           ; 0            ; 0       ; 0         ; 0    ; 0            ; |relogio|alarme:A1|contador:M1|divF:DIV1      ; work         ;
;          |divF:DIV2|       ; 37 (37)           ; 27 (27)      ; 0           ; 0            ; 0       ; 0         ; 0    ; 0            ; |relogio|alarme:A1|contador:M1|divF:DIV2      ; work         ;
;          |divF:DIV3|       ; 37 (37)           ; 27 (27)      ; 0           ; 0            ; 0       ; 0         ; 0    ; 0            ; |relogio|alarme:A1|contador:M1|divF:DIV3      ; work         ;
;          |divF:DIV4|       ; 37 (37)           ; 27 (27)      ; 0           ; 0            ; 0       ; 0         ; 0    ; 0            ; |relogio|alarme:A1|contador:M1|divF:DIV4      ; work         ;
;       |contador:M2|        ; 152 (3)           ; 110 (2)      ; 0           ; 0            ; 0       ; 0         ; 0    ; 0            ; |relogio|alarme:A1|contador:M2                ; work         ;
;          |divF:DIV1|       ; 38 (38)           ; 27 (27)      ; 0           ; 0            ; 0       ; 0         ; 0    ; 0            ; |relogio|alarme:A1|contador:M2|divF:DIV1      ; work         ;
;          |divF:DIV2|       ; 37 (37)           ; 27 (27)      ; 0           ; 0            ; 0       ; 0         ; 0    ; 0            ; |relogio|alarme:A1|contador:M2|divF:DIV2      ; work         ;
;          |divF:DIV3|       ; 37 (37)           ; 27 (27)      ; 0           ; 0            ; 0       ; 0         ; 0    ; 0            ; |relogio|alarme:A1|contador:M2|divF:DIV3      ; work         ;
;          |divF:DIV4|       ; 37 (37)           ; 27 (27)      ; 0           ; 0            ; 0       ; 0         ; 0    ; 0            ; |relogio|alarme:A1|contador:M2|divF:DIV4      ; work         ;
;       |divF:DIV1|          ; 46 (46)           ; 25 (25)      ; 0           ; 0            ; 0       ; 0         ; 0    ; 0            ; |relogio|alarme:A1|divF:DIV1                  ; work         ;
;    |cronometro:C1|         ; 988 (1)           ; 714 (0)      ; 0           ; 0            ; 0       ; 0         ; 0    ; 0            ; |relogio|cronometro:C1                        ; work         ;
;       |contador:M1|        ; 151 (3)           ; 110 (2)      ; 0           ; 0            ; 0       ; 0         ; 0    ; 0            ; |relogio|cronometro:C1|contador:M1            ; work         ;
;          |divF:DIV1|       ; 37 (37)           ; 27 (27)      ; 0           ; 0            ; 0       ; 0         ; 0    ; 0            ; |relogio|cronometro:C1|contador:M1|divF:DIV1  ; work         ;
;          |divF:DIV2|       ; 37 (37)           ; 27 (27)      ; 0           ; 0            ; 0       ; 0         ; 0    ; 0            ; |relogio|cronometro:C1|contador:M1|divF:DIV2  ; work         ;
;          |divF:DIV3|       ; 37 (37)           ; 27 (27)      ; 0           ; 0            ; 0       ; 0         ; 0    ; 0            ; |relogio|cronometro:C1|contador:M1|divF:DIV3  ; work         ;
;          |divF:DIV4|       ; 37 (37)           ; 27 (27)      ; 0           ; 0            ; 0       ; 0         ; 0    ; 0            ; |relogio|cronometro:C1|contador:M1|divF:DIV4  ; work         ;
;       |contador:M2|        ; 151 (3)           ; 110 (2)      ; 0           ; 0            ; 0       ; 0         ; 0    ; 0            ; |relogio|cronometro:C1|contador:M2            ; work         ;
;          |divF:DIV1|       ; 37 (37)           ; 27 (27)      ; 0           ; 0            ; 0       ; 0         ; 0    ; 0            ; |relogio|cronometro:C1|contador:M2|divF:DIV1  ; work         ;
;          |divF:DIV2|       ; 37 (37)           ; 27 (27)      ; 0           ; 0            ; 0       ; 0         ; 0    ; 0            ; |relogio|cronometro:C1|contador:M2|divF:DIV2  ; work         ;
;          |divF:DIV3|       ; 37 (37)           ; 27 (27)      ; 0           ; 0            ; 0       ; 0         ; 0    ; 0            ; |relogio|cronometro:C1|contador:M2|divF:DIV3  ; work         ;
;          |divF:DIV4|       ; 37 (37)           ; 27 (27)      ; 0           ; 0            ; 0       ; 0         ; 0    ; 0            ; |relogio|cronometro:C1|contador:M2|divF:DIV4  ; work         ;
;       |contador:MS1|       ; 151 (3)           ; 110 (2)      ; 0           ; 0            ; 0       ; 0         ; 0    ; 0            ; |relogio|cronometro:C1|contador:MS1           ; work         ;
;          |divF:DIV1|       ; 37 (37)           ; 27 (27)      ; 0           ; 0            ; 0       ; 0         ; 0    ; 0            ; |relogio|cronometro:C1|contador:MS1|divF:DIV1 ; work         ;
;          |divF:DIV2|       ; 37 (37)           ; 27 (27)      ; 0           ; 0            ; 0       ; 0         ; 0    ; 0            ; |relogio|cronometro:C1|contador:MS1|divF:DIV2 ; work         ;
;          |divF:DIV3|       ; 37 (37)           ; 27 (27)      ; 0           ; 0            ; 0       ; 0         ; 0    ; 0            ; |relogio|cronometro:C1|contador:MS1|divF:DIV3 ; work         ;
;          |divF:DIV4|       ; 37 (37)           ; 27 (27)      ; 0           ; 0            ; 0       ; 0         ; 0    ; 0            ; |relogio|cronometro:C1|contador:MS1|divF:DIV4 ; work         ;
;       |contador:MS2|       ; 151 (3)           ; 110 (2)      ; 0           ; 0            ; 0       ; 0         ; 0    ; 0            ; |relogio|cronometro:C1|contador:MS2           ; work         ;
;          |divF:DIV1|       ; 37 (37)           ; 27 (27)      ; 0           ; 0            ; 0       ; 0         ; 0    ; 0            ; |relogio|cronometro:C1|contador:MS2|divF:DIV1 ; work         ;
;          |divF:DIV2|       ; 37 (37)           ; 27 (27)      ; 0           ; 0            ; 0       ; 0         ; 0    ; 0            ; |relogio|cronometro:C1|contador:MS2|divF:DIV2 ; work         ;
;          |divF:DIV3|       ; 37 (37)           ; 27 (27)      ; 0           ; 0            ; 0       ; 0         ; 0    ; 0            ; |relogio|cronometro:C1|contador:MS2|divF:DIV3 ; work         ;
;          |divF:DIV4|       ; 37 (37)           ; 27 (27)      ; 0           ; 0            ; 0       ; 0         ; 0    ; 0            ; |relogio|cronometro:C1|contador:MS2|divF:DIV4 ; work         ;
;       |contador:S1|        ; 151 (3)           ; 110 (2)      ; 0           ; 0            ; 0       ; 0         ; 0    ; 0            ; |relogio|cronometro:C1|contador:S1            ; work         ;
;          |divF:DIV1|       ; 37 (37)           ; 27 (27)      ; 0           ; 0            ; 0       ; 0         ; 0    ; 0            ; |relogio|cronometro:C1|contador:S1|divF:DIV1  ; work         ;
;          |divF:DIV2|       ; 37 (37)           ; 27 (27)      ; 0           ; 0            ; 0       ; 0         ; 0    ; 0            ; |relogio|cronometro:C1|contador:S1|divF:DIV2  ; work         ;
;          |divF:DIV3|       ; 37 (37)           ; 27 (27)      ; 0           ; 0            ; 0       ; 0         ; 0    ; 0            ; |relogio|cronometro:C1|contador:S1|divF:DIV3  ; work         ;
;          |divF:DIV4|       ; 37 (37)           ; 27 (27)      ; 0           ; 0            ; 0       ; 0         ; 0    ; 0            ; |relogio|cronometro:C1|contador:S1|divF:DIV4  ; work         ;
;       |contador:S2|        ; 151 (3)           ; 110 (2)      ; 0           ; 0            ; 0       ; 0         ; 0    ; 0            ; |relogio|cronometro:C1|contador:S2            ; work         ;
;          |divF:DIV1|       ; 37 (37)           ; 27 (27)      ; 0           ; 0            ; 0       ; 0         ; 0    ; 0            ; |relogio|cronometro:C1|contador:S2|divF:DIV1  ; work         ;
;          |divF:DIV2|       ; 37 (37)           ; 27 (27)      ; 0           ; 0            ; 0       ; 0         ; 0    ; 0            ; |relogio|cronometro:C1|contador:S2|divF:DIV2  ; work         ;
;          |divF:DIV3|       ; 37 (37)           ; 27 (27)      ; 0           ; 0            ; 0       ; 0         ; 0    ; 0            ; |relogio|cronometro:C1|contador:S2|divF:DIV3  ; work         ;
;          |divF:DIV4|       ; 37 (37)           ; 27 (27)      ; 0           ; 0            ; 0       ; 0         ; 0    ; 0            ; |relogio|cronometro:C1|contador:S2|divF:DIV4  ; work         ;
;       |divF:DIV1|          ; 44 (44)           ; 27 (27)      ; 0           ; 0            ; 0       ; 0         ; 0    ; 0            ; |relogio|cronometro:C1|divF:DIV1              ; work         ;
;       |divF:DIV2|          ; 37 (37)           ; 27 (27)      ; 0           ; 0            ; 0       ; 0         ; 0    ; 0            ; |relogio|cronometro:C1|divF:DIV2              ; work         ;
;    |decodificador:D1|      ; 7 (7)             ; 0 (0)        ; 0           ; 0            ; 0       ; 0         ; 0    ; 0            ; |relogio|decodificador:D1                     ; work         ;
;    |decodificador:D2|      ; 7 (7)             ; 0 (0)        ; 0           ; 0            ; 0       ; 0         ; 0    ; 0            ; |relogio|decodificador:D2                     ; work         ;
;    |decodificador:D3|      ; 14 (14)           ; 0 (0)        ; 0           ; 0            ; 0       ; 0         ; 0    ; 0            ; |relogio|decodificador:D3                     ; work         ;
;    |decodificador:D4|      ; 14 (14)           ; 0 (0)        ; 0           ; 0            ; 0       ; 0         ; 0    ; 0            ; |relogio|decodificador:D4                     ; work         ;
;    |decodificador:D5|      ; 14 (14)           ; 0 (0)        ; 0           ; 0            ; 0       ; 0         ; 0    ; 0            ; |relogio|decodificador:D5                     ; work         ;
;    |decodificador:D6|      ; 14 (14)           ; 0 (0)        ; 0           ; 0            ; 0       ; 0         ; 0    ; 0            ; |relogio|decodificador:D6                     ; work         ;
;    |horario:H1|            ; 975 (13)          ; 692 (4)      ; 0           ; 0            ; 0       ; 0         ; 0    ; 0            ; |relogio|horario:H1                           ; work         ;
;       |contador:H1|        ; 152 (3)           ; 110 (2)      ; 0           ; 0            ; 0       ; 0         ; 0    ; 0            ; |relogio|horario:H1|contador:H1               ; work         ;
;          |divF:DIV1|       ; 38 (38)           ; 27 (27)      ; 0           ; 0            ; 0       ; 0         ; 0    ; 0            ; |relogio|horario:H1|contador:H1|divF:DIV1     ; work         ;
;          |divF:DIV2|       ; 37 (37)           ; 27 (27)      ; 0           ; 0            ; 0       ; 0         ; 0    ; 0            ; |relogio|horario:H1|contador:H1|divF:DIV2     ; work         ;
;          |divF:DIV3|       ; 37 (37)           ; 27 (27)      ; 0           ; 0            ; 0       ; 0         ; 0    ; 0            ; |relogio|horario:H1|contador:H1|divF:DIV3     ; work         ;
;          |divF:DIV4|       ; 37 (37)           ; 27 (27)      ; 0           ; 0            ; 0       ; 0         ; 0    ; 0            ; |relogio|horario:H1|contador:H1|divF:DIV4     ; work         ;
;       |contador:H2|        ; 152 (3)           ; 110 (2)      ; 0           ; 0            ; 0       ; 0         ; 0    ; 0            ; |relogio|horario:H1|contador:H2               ; work         ;
;          |divF:DIV1|       ; 38 (38)           ; 27 (27)      ; 0           ; 0            ; 0       ; 0         ; 0    ; 0            ; |relogio|horario:H1|contador:H2|divF:DIV1     ; work         ;
;          |divF:DIV2|       ; 37 (37)           ; 27 (27)      ; 0           ; 0            ; 0       ; 0         ; 0    ; 0            ; |relogio|horario:H1|contador:H2|divF:DIV2     ; work         ;
;          |divF:DIV3|       ; 37 (37)           ; 27 (27)      ; 0           ; 0            ; 0       ; 0         ; 0    ; 0            ; |relogio|horario:H1|contador:H2|divF:DIV3     ; work         ;
;          |divF:DIV4|       ; 37 (37)           ; 27 (27)      ; 0           ; 0            ; 0       ; 0         ; 0    ; 0            ; |relogio|horario:H1|contador:H2|divF:DIV4     ; work         ;
;       |contador:M1|        ; 152 (3)           ; 110 (2)      ; 0           ; 0            ; 0       ; 0         ; 0    ; 0            ; |relogio|horario:H1|contador:M1               ; work         ;
;          |divF:DIV1|       ; 38 (38)           ; 27 (27)      ; 0           ; 0            ; 0       ; 0         ; 0    ; 0            ; |relogio|horario:H1|contador:M1|divF:DIV1     ; work         ;
;          |divF:DIV2|       ; 37 (37)           ; 27 (27)      ; 0           ; 0            ; 0       ; 0         ; 0    ; 0            ; |relogio|horario:H1|contador:M1|divF:DIV2     ; work         ;
;          |divF:DIV3|       ; 37 (37)           ; 27 (27)      ; 0           ; 0            ; 0       ; 0         ; 0    ; 0            ; |relogio|horario:H1|contador:M1|divF:DIV3     ; work         ;
;          |divF:DIV4|       ; 37 (37)           ; 27 (27)      ; 0           ; 0            ; 0       ; 0         ; 0    ; 0            ; |relogio|horario:H1|contador:M1|divF:DIV4     ; work         ;
;       |contador:M2|        ; 152 (3)           ; 110 (2)      ; 0           ; 0            ; 0       ; 0         ; 0    ; 0            ; |relogio|horario:H1|contador:M2               ; work         ;
;          |divF:DIV1|       ; 38 (38)           ; 27 (27)      ; 0           ; 0            ; 0       ; 0         ; 0    ; 0            ; |relogio|horario:H1|contador:M2|divF:DIV1     ; work         ;
;          |divF:DIV2|       ; 37 (37)           ; 27 (27)      ; 0           ; 0            ; 0       ; 0         ; 0    ; 0            ; |relogio|horario:H1|contador:M2|divF:DIV2     ; work         ;
;          |divF:DIV3|       ; 37 (37)           ; 27 (27)      ; 0           ; 0            ; 0       ; 0         ; 0    ; 0            ; |relogio|horario:H1|contador:M2|divF:DIV3     ; work         ;
;          |divF:DIV4|       ; 37 (37)           ; 27 (27)      ; 0           ; 0            ; 0       ; 0         ; 0    ; 0            ; |relogio|horario:H1|contador:M2|divF:DIV4     ; work         ;
;       |contador:S1|        ; 152 (3)           ; 110 (2)      ; 0           ; 0            ; 0       ; 0         ; 0    ; 0            ; |relogio|horario:H1|contador:S1               ; work         ;
;          |divF:DIV1|       ; 38 (38)           ; 27 (27)      ; 0           ; 0            ; 0       ; 0         ; 0    ; 0            ; |relogio|horario:H1|contador:S1|divF:DIV1     ; work         ;
;          |divF:DIV2|       ; 37 (37)           ; 27 (27)      ; 0           ; 0            ; 0       ; 0         ; 0    ; 0            ; |relogio|horario:H1|contador:S1|divF:DIV2     ; work         ;
;          |divF:DIV3|       ; 37 (37)           ; 27 (27)      ; 0           ; 0            ; 0       ; 0         ; 0    ; 0            ; |relogio|horario:H1|contador:S1|divF:DIV3     ; work         ;
;          |divF:DIV4|       ; 37 (37)           ; 27 (27)      ; 0           ; 0            ; 0       ; 0         ; 0    ; 0            ; |relogio|horario:H1|contador:S1|divF:DIV4     ; work         ;
;       |contador:S2|        ; 152 (3)           ; 110 (2)      ; 0           ; 0            ; 0       ; 0         ; 0    ; 0            ; |relogio|horario:H1|contador:S2               ; work         ;
;          |divF:DIV1|       ; 38 (38)           ; 27 (27)      ; 0           ; 0            ; 0       ; 0         ; 0    ; 0            ; |relogio|horario:H1|contador:S2|divF:DIV1     ; work         ;
;          |divF:DIV2|       ; 37 (37)           ; 27 (27)      ; 0           ; 0            ; 0       ; 0         ; 0    ; 0            ; |relogio|horario:H1|contador:S2|divF:DIV2     ; work         ;
;          |divF:DIV3|       ; 37 (37)           ; 27 (27)      ; 0           ; 0            ; 0       ; 0         ; 0    ; 0            ; |relogio|horario:H1|contador:S2|divF:DIV3     ; work         ;
;          |divF:DIV4|       ; 37 (37)           ; 27 (27)      ; 0           ; 0            ; 0       ; 0         ; 0    ; 0            ; |relogio|horario:H1|contador:S2|divF:DIV4     ; work         ;
;       |divF:DIV1|          ; 40 (40)           ; 27 (27)      ; 0           ; 0            ; 0       ; 0         ; 0    ; 0            ; |relogio|horario:H1|divF:DIV1                 ; work         ;
;       |divF:DIV2|          ; 10 (10)           ; 1 (1)        ; 0           ; 0            ; 0       ; 0         ; 0    ; 0            ; |relogio|horario:H1|divF:DIV2                 ; work         ;
+----------------------------+-------------------+--------------+-------------+--------------+---------+-----------+------+--------------+-----------------------------------------------+--------------+
Note: For table entries with two numbers listed, the numbers in parentheses indicate the number of resources of the given type used by the specific entity alone. The numbers listed outside of parentheses indicate the total resources of the given type used by the specific entity and all of its sub-entities in the hierarchy.


+---------------------------------------------------------------------------------------------------+
; User-Specified and Inferred Latches                                                               ;
+----------------------------------------------------+---------------------+------------------------+
; Latch Name                                         ; Latch Enable Signal ; Free of Timing Hazards ;
+----------------------------------------------------+---------------------+------------------------+
; alarme:A1|piscarM                                  ; alarme:A1|Equal0    ; yes                    ;
; alarme:A1|piscarH                                  ; alarme:A1|Equal0    ; yes                    ;
; horario:H1|clockM                                  ; horario:H1|clockM   ; yes                    ;
; alarme:A1|clockM                                   ; alarme:A1|clockM    ; yes                    ;
; horario:H1|clockH                                  ; horario:H1|clockH   ; yes                    ;
; alarme:A1|clockH                                   ; alarme:A1|enableH   ; yes                    ;
; Number of user-specified and inferred latches = 6  ;                     ;                        ;
+----------------------------------------------------+---------------------+------------------------+
Note: All latches listed above may not be present at the end of synthesis due to various synthesis optimizations.


+----------------------------------------------------------------------------------------+
; Registers Removed During Synthesis                                                     ;
+----------------------------------------+-----------------------------------------------+
; Register name                          ; Reason for Removal                            ;
+----------------------------------------+-----------------------------------------------+
; alarme:A1|divF:DIV2|contagem[2]        ; Merged with alarme:A1|divF:DIV1|contagem[2]   ;
; alarme:A1|divF:DIV2|contagem[1]        ; Merged with alarme:A1|divF:DIV1|contagem[1]   ;
; alarme:A1|divF:DIV2|contagem[0]        ; Merged with alarme:A1|divF:DIV1|contagem[0]   ;
; alarme:A1|divF:DIV2|contagem[3]        ; Merged with alarme:A1|divF:DIV1|contagem[3]   ;
; alarme:A1|divF:DIV2|contagem[4]        ; Merged with alarme:A1|divF:DIV1|contagem[4]   ;
; alarme:A1|divF:DIV2|contagem[5]        ; Merged with alarme:A1|divF:DIV1|contagem[5]   ;
; alarme:A1|divF:DIV2|contagem[6]        ; Merged with alarme:A1|divF:DIV1|contagem[6]   ;
; alarme:A1|divF:DIV2|contagem[7]        ; Merged with alarme:A1|divF:DIV1|contagem[7]   ;
; alarme:A1|divF:DIV2|contagem[8]        ; Merged with alarme:A1|divF:DIV1|contagem[8]   ;
; alarme:A1|divF:DIV2|contagem[9]        ; Merged with alarme:A1|divF:DIV1|contagem[9]   ;
; alarme:A1|divF:DIV2|contagem[10]       ; Merged with alarme:A1|divF:DIV1|contagem[10]  ;
; alarme:A1|divF:DIV2|contagem[11]       ; Merged with alarme:A1|divF:DIV1|contagem[11]  ;
; alarme:A1|divF:DIV2|contagem[12]       ; Merged with alarme:A1|divF:DIV1|contagem[12]  ;
; alarme:A1|divF:DIV2|contagem[13]       ; Merged with alarme:A1|divF:DIV1|contagem[13]  ;
; alarme:A1|divF:DIV2|contagem[14]       ; Merged with alarme:A1|divF:DIV1|contagem[14]  ;
; alarme:A1|divF:DIV2|contagem[15]       ; Merged with alarme:A1|divF:DIV1|contagem[15]  ;
; alarme:A1|divF:DIV2|contagem[16]       ; Merged with alarme:A1|divF:DIV1|contagem[16]  ;
; alarme:A1|divF:DIV2|contagem[17]       ; Merged with alarme:A1|divF:DIV1|contagem[17]  ;
; alarme:A1|divF:DIV2|contagem[18]       ; Merged with alarme:A1|divF:DIV1|contagem[18]  ;
; alarme:A1|divF:DIV2|contagem[19]       ; Merged with alarme:A1|divF:DIV1|contagem[19]  ;
; alarme:A1|divF:DIV2|contagem[20]       ; Merged with alarme:A1|divF:DIV1|contagem[20]  ;
; alarme:A1|divF:DIV2|contagem[21]       ; Merged with alarme:A1|divF:DIV1|contagem[21]  ;
; alarme:A1|divF:DIV2|contagem[22]       ; Merged with alarme:A1|divF:DIV1|contagem[22]  ;
; alarme:A1|divF:DIV2|contagem[23]       ; Merged with alarme:A1|divF:DIV1|contagem[23]  ;
; alarme:A1|divF:DIV2|contagem[24]       ; Merged with alarme:A1|divF:DIV1|contagem[24]  ;
; alarme:A1|divF:DIV2|contagem[25]       ; Merged with alarme:A1|divF:DIV1|contagem[25]  ;
; alarme:A1|divF:DIV2|estado             ; Merged with alarme:A1|divF:DIV1|estado        ;
; horario:H1|divF:DIV2|contagem[2]       ; Merged with horario:H1|divF:DIV1|contagem[2]  ;
; horario:H1|divF:DIV3|contagem[2]       ; Merged with horario:H1|divF:DIV1|contagem[2]  ;
; horario:H1|divF:DIV2|contagem[1]       ; Merged with horario:H1|divF:DIV1|contagem[1]  ;
; horario:H1|divF:DIV3|contagem[1]       ; Merged with horario:H1|divF:DIV1|contagem[1]  ;
; horario:H1|divF:DIV2|contagem[0]       ; Merged with horario:H1|divF:DIV1|contagem[0]  ;
; horario:H1|divF:DIV3|contagem[0]       ; Merged with horario:H1|divF:DIV1|contagem[0]  ;
; horario:H1|divF:DIV2|contagem[3]       ; Merged with horario:H1|divF:DIV1|contagem[3]  ;
; horario:H1|divF:DIV3|contagem[3]       ; Merged with horario:H1|divF:DIV1|contagem[3]  ;
; horario:H1|divF:DIV2|contagem[4]       ; Merged with horario:H1|divF:DIV1|contagem[4]  ;
; horario:H1|divF:DIV3|contagem[4]       ; Merged with horario:H1|divF:DIV1|contagem[4]  ;
; horario:H1|divF:DIV2|contagem[5]       ; Merged with horario:H1|divF:DIV1|contagem[5]  ;
; horario:H1|divF:DIV3|contagem[5]       ; Merged with horario:H1|divF:DIV1|contagem[5]  ;
; horario:H1|divF:DIV2|contagem[6]       ; Merged with horario:H1|divF:DIV1|contagem[6]  ;
; horario:H1|divF:DIV3|contagem[6]       ; Merged with horario:H1|divF:DIV1|contagem[6]  ;
; horario:H1|divF:DIV2|contagem[7]       ; Merged with horario:H1|divF:DIV1|contagem[7]  ;
; horario:H1|divF:DIV3|contagem[7]       ; Merged with horario:H1|divF:DIV1|contagem[7]  ;
; horario:H1|divF:DIV2|contagem[8]       ; Merged with horario:H1|divF:DIV1|contagem[8]  ;
; horario:H1|divF:DIV3|contagem[8]       ; Merged with horario:H1|divF:DIV1|contagem[8]  ;
; horario:H1|divF:DIV2|contagem[9]       ; Merged with horario:H1|divF:DIV1|contagem[9]  ;
; horario:H1|divF:DIV3|contagem[9]       ; Merged with horario:H1|divF:DIV1|contagem[9]  ;
; horario:H1|divF:DIV2|contagem[10]      ; Merged with horario:H1|divF:DIV1|contagem[10] ;
; horario:H1|divF:DIV3|contagem[10]      ; Merged with horario:H1|divF:DIV1|contagem[10] ;
; horario:H1|divF:DIV2|contagem[11]      ; Merged with horario:H1|divF:DIV1|contagem[11] ;
; horario:H1|divF:DIV3|contagem[11]      ; Merged with horario:H1|divF:DIV1|contagem[11] ;
; horario:H1|divF:DIV2|contagem[12]      ; Merged with horario:H1|divF:DIV1|contagem[12] ;
; horario:H1|divF:DIV3|contagem[12]      ; Merged with horario:H1|divF:DIV1|contagem[12] ;
; horario:H1|divF:DIV2|contagem[13]      ; Merged with horario:H1|divF:DIV1|contagem[13] ;
; horario:H1|divF:DIV3|contagem[13]      ; Merged with horario:H1|divF:DIV1|contagem[13] ;
; horario:H1|divF:DIV2|contagem[14]      ; Merged with horario:H1|divF:DIV1|contagem[14] ;
; horario:H1|divF:DIV3|contagem[14]      ; Merged with horario:H1|divF:DIV1|contagem[14] ;
; horario:H1|divF:DIV2|contagem[15]      ; Merged with horario:H1|divF:DIV1|contagem[15] ;
; horario:H1|divF:DIV3|contagem[15]      ; Merged with horario:H1|divF:DIV1|contagem[15] ;
; horario:H1|divF:DIV2|contagem[16]      ; Merged with horario:H1|divF:DIV1|contagem[16] ;
; horario:H1|divF:DIV3|contagem[16]      ; Merged with horario:H1|divF:DIV1|contagem[16] ;
; horario:H1|divF:DIV2|contagem[17]      ; Merged with horario:H1|divF:DIV1|contagem[17] ;
; horario:H1|divF:DIV3|contagem[17]      ; Merged with horario:H1|divF:DIV1|contagem[17] ;
; horario:H1|divF:DIV2|contagem[18]      ; Merged with horario:H1|divF:DIV1|contagem[18] ;
; horario:H1|divF:DIV3|contagem[18]      ; Merged with horario:H1|divF:DIV1|contagem[18] ;
; horario:H1|divF:DIV2|contagem[19]      ; Merged with horario:H1|divF:DIV1|contagem[19] ;
; horario:H1|divF:DIV3|contagem[19]      ; Merged with horario:H1|divF:DIV1|contagem[19] ;
; horario:H1|divF:DIV2|contagem[20]      ; Merged with horario:H1|divF:DIV1|contagem[20] ;
; horario:H1|divF:DIV3|contagem[20]      ; Merged with horario:H1|divF:DIV1|contagem[20] ;
; horario:H1|divF:DIV2|contagem[21]      ; Merged with horario:H1|divF:DIV1|contagem[21] ;
; horario:H1|divF:DIV3|contagem[21]      ; Merged with horario:H1|divF:DIV1|contagem[21] ;
; horario:H1|divF:DIV2|contagem[22]      ; Merged with horario:H1|divF:DIV1|contagem[22] ;
; horario:H1|divF:DIV3|contagem[22]      ; Merged with horario:H1|divF:DIV1|contagem[22] ;
; horario:H1|divF:DIV2|contagem[23]      ; Merged with horario:H1|divF:DIV1|contagem[23] ;
; horario:H1|divF:DIV3|contagem[23]      ; Merged with horario:H1|divF:DIV1|contagem[23] ;
; horario:H1|divF:DIV2|contagem[24]      ; Merged with horario:H1|divF:DIV1|contagem[24] ;
; horario:H1|divF:DIV3|contagem[24]      ; Merged with horario:H1|divF:DIV1|contagem[24] ;
; horario:H1|divF:DIV2|contagem[25]      ; Merged with horario:H1|divF:DIV1|contagem[25] ;
; horario:H1|divF:DIV3|contagem[25]      ; Merged with horario:H1|divF:DIV1|contagem[25] ;
; horario:H1|divF:DIV3|estado            ; Merged with horario:H1|divF:DIV2|estado       ;
; alarme:A1|divF:DIV1|contagem[0]        ; Merged with horario:H1|divF:DIV1|contagem[0]  ;
; alarme:A1|divF:DIV1|contagem[1]        ; Merged with horario:H1|divF:DIV1|contagem[1]  ;
; Total Number of Removed Registers = 82 ;                                               ;
+----------------------------------------+-----------------------------------------------+


+------------------------------------------------------+
; General Register Statistics                          ;
+----------------------------------------------+-------+
; Statistic                                    ; Value ;
+----------------------------------------------+-------+
; Total registers                              ; 1878  ;
; Number of registers using Synchronous Clear  ; 0     ;
; Number of registers using Synchronous Load   ; 0     ;
; Number of registers using Asynchronous Clear ; 68    ;
; Number of registers using Asynchronous Load  ; 0     ;
; Number of registers using Clock Enable       ; 1668  ;
; Number of registers using Preset             ; 0     ;
+----------------------------------------------+-------+


+------------------------------------------------------------+
; Inverted Register Statistics                               ;
+--------------------------------------------------+---------+
; Inverted Register                                ; Fan out ;
+--------------------------------------------------+---------+
; cronometro:C1|contador:MS1|divF:DIV1|contagem[0] ; 2       ;
; horario:H1|contador:S1|divF:DIV1|contagem[0]     ; 2       ;
; cronometro:C1|contador:MS1|divF:DIV3|contagem[0] ; 2       ;
; horario:H1|contador:S1|divF:DIV3|contagem[0]     ; 2       ;
; cronometro:C1|contador:MS1|divF:DIV4|contagem[0] ; 2       ;
; horario:H1|contador:S1|divF:DIV4|contagem[0]     ; 2       ;
; cronometro:C1|contador:MS1|divF:DIV2|contagem[0] ; 2       ;
; horario:H1|contador:S1|divF:DIV2|contagem[0]     ; 2       ;
; cronometro:C1|contador:MS2|divF:DIV1|contagem[0] ; 2       ;
; horario:H1|contador:S2|divF:DIV1|contagem[0]     ; 2       ;
; cronometro:C1|contador:MS2|divF:DIV3|contagem[0] ; 2       ;
; horario:H1|contador:S2|divF:DIV3|contagem[0]     ; 2       ;
; cronometro:C1|contador:MS2|divF:DIV4|contagem[0] ; 2       ;
; horario:H1|contador:S2|divF:DIV4|contagem[0]     ; 2       ;
; cronometro:C1|contador:MS2|divF:DIV2|contagem[0] ; 2       ;
; horario:H1|contador:S2|divF:DIV2|contagem[0]     ; 2       ;
; alarme:A1|contador:M1|divF:DIV2|contagem[0]      ; 2       ;
; horario:H1|contador:M1|divF:DIV2|contagem[0]     ; 2       ;
; cronometro:C1|contador:S1|divF:DIV2|contagem[0]  ; 2       ;
; alarme:A1|contador:M1|divF:DIV4|contagem[0]      ; 2       ;
; horario:H1|contador:M1|divF:DIV4|contagem[0]     ; 2       ;
; cronometro:C1|contador:S1|divF:DIV4|contagem[0]  ; 2       ;
; alarme:A1|contador:M1|divF:DIV3|contagem[0]      ; 2       ;
; horario:H1|contador:M1|divF:DIV3|contagem[0]     ; 2       ;
; cronometro:C1|contador:S1|divF:DIV3|contagem[0]  ; 2       ;
; alarme:A1|contador:M1|divF:DIV1|contagem[0]      ; 2       ;
; horario:H1|contador:M1|divF:DIV1|contagem[0]     ; 2       ;
; cronometro:C1|contador:S1|divF:DIV1|contagem[0]  ; 2       ;
; horario:H1|divF:DIV1|contagem[0]                 ; 3       ;
; alarme:A1|contador:M2|divF:DIV2|contagem[0]      ; 2       ;
; horario:H1|contador:M2|divF:DIV2|contagem[0]     ; 2       ;
; cronometro:C1|contador:S2|divF:DIV2|contagem[0]  ; 2       ;
; alarme:A1|contador:M2|divF:DIV4|contagem[0]      ; 2       ;
; horario:H1|contador:M2|divF:DIV4|contagem[0]     ; 2       ;
; cronometro:C1|contador:S2|divF:DIV4|contagem[0]  ; 2       ;
; alarme:A1|contador:M2|divF:DIV3|contagem[0]      ; 2       ;
; horario:H1|contador:M2|divF:DIV3|contagem[0]     ; 2       ;
; cronometro:C1|contador:S2|divF:DIV3|contagem[0]  ; 2       ;
; alarme:A1|contador:M2|divF:DIV1|contagem[0]      ; 2       ;
; horario:H1|contador:M2|divF:DIV1|contagem[0]     ; 2       ;
; cronometro:C1|contador:S2|divF:DIV1|contagem[0]  ; 2       ;
; alarme:A1|contador:H1|divF:DIV2|contagem[0]      ; 2       ;
; horario:H1|contador:H1|divF:DIV2|contagem[0]     ; 2       ;
; cronometro:C1|contador:M1|divF:DIV2|contagem[0]  ; 2       ;
; alarme:A1|contador:H1|divF:DIV4|contagem[0]      ; 2       ;
; horario:H1|contador:H1|divF:DIV4|contagem[0]     ; 2       ;
; cronometro:C1|contador:M1|divF:DIV4|contagem[0]  ; 2       ;
; alarme:A1|contador:H1|divF:DIV3|contagem[0]      ; 2       ;
; horario:H1|contador:H1|divF:DIV3|contagem[0]     ; 2       ;
; cronometro:C1|contador:M1|divF:DIV3|contagem[0]  ; 2       ;
; alarme:A1|contador:H1|divF:DIV1|contagem[0]      ; 2       ;
; horario:H1|contador:H1|divF:DIV1|contagem[0]     ; 2       ;
; cronometro:C1|contador:M1|divF:DIV1|contagem[0]  ; 2       ;
; alarme:A1|contador:H2|divF:DIV2|contagem[0]      ; 2       ;
; horario:H1|contador:H2|divF:DIV2|contagem[0]     ; 2       ;
; cronometro:C1|contador:M2|divF:DIV2|contagem[0]  ; 2       ;
; alarme:A1|contador:H2|divF:DIV4|contagem[0]      ; 2       ;
; horario:H1|contador:H2|divF:DIV4|contagem[0]     ; 2       ;
; cronometro:C1|contador:M2|divF:DIV4|contagem[0]  ; 2       ;
; alarme:A1|contador:H2|divF:DIV3|contagem[0]      ; 2       ;
; horario:H1|contador:H2|divF:DIV3|contagem[0]     ; 2       ;
; cronometro:C1|contador:M2|divF:DIV3|contagem[0]  ; 2       ;
; alarme:A1|contador:H2|divF:DIV1|contagem[0]      ; 2       ;
; horario:H1|contador:H2|divF:DIV1|contagem[0]     ; 2       ;
; cronometro:C1|contador:M2|divF:DIV1|contagem[0]  ; 2       ;
; cronometro:C1|divF:DIV2|contagem[0]              ; 2       ;
; cronometro:C1|divF:DIV1|contagem[0]              ; 2       ;
; Total number of inverted registers = 67          ;         ;
+--------------------------------------------------+---------+


+------------------------------------------------------------------------------------------------------------------------------------------+
; Multiplexer Restructuring Statistics (Restructuring Performed)                                                                           ;
+--------------------+-----------+---------------+----------------------+------------------------+------------+----------------------------+
; Multiplexer Inputs ; Bus Width ; Baseline Area ; Area if Restructured ; Saving if Restructured ; Registered ; Example Multiplexer Output ;
+--------------------+-----------+---------------+----------------------+------------------------+------------+----------------------------+
; 3:1                ; 8 bits    ; 16 LEs        ; 16 LEs               ; 0 LEs                  ; No         ; |relogio|Mux7              ;
; 3:1                ; 16 bits   ; 32 LEs        ; 32 LEs               ; 0 LEs                  ; No         ; |relogio|Mux19             ;
+--------------------+-----------+---------------+----------------------+------------------------+------------+----------------------------+


+----------------------------------------------+
; Port Connectivity Checks: "decodificador:D2" ;
+-------+-------+----------+-------------------+
; Port  ; Type  ; Severity ; Details           ;
+-------+-------+----------+-------------------+
; pisca ; Input ; Info     ; Stuck at GND      ;
+-------+-------+----------+-------------------+


+----------------------------------------------+
; Port Connectivity Checks: "decodificador:D1" ;
+-------+-------+----------+-------------------+
; Port  ; Type  ; Severity ; Details           ;
+-------+-------+----------+-------------------+
; pisca ; Input ; Info     ; Stuck at GND      ;
+-------+-------+----------+-------------------+


+---------------------------------------------------+
; Port Connectivity Checks: "alarme:A1|contador:H2" ;
+-----------+-------+----------+--------------------+
; Port      ; Type  ; Severity ; Details            ;
+-----------+-------+----------+--------------------+
; max[3..2] ; Input ; Info     ; Stuck at GND       ;
; max[1]    ; Input ; Info     ; Stuck at VCC       ;
; max[0]    ; Input ; Info     ; Stuck at GND       ;
+-----------+-------+----------+--------------------+


+---------------------------------------------------+
; Port Connectivity Checks: "alarme:A1|contador:H1" ;
+-----------+-------+----------+--------------------+
; Port      ; Type  ; Severity ; Details            ;
+-----------+-------+----------+--------------------+
; max[2..1] ; Input ; Info     ; Stuck at GND       ;
; max[3]    ; Input ; Info     ; Stuck at VCC       ;
; max[0]    ; Input ; Info     ; Stuck at VCC       ;
+-----------+-------+----------+--------------------+


+---------------------------------------------------+
; Port Connectivity Checks: "alarme:A1|contador:M2" ;
+--------+-------+----------+-----------------------+
; Port   ; Type  ; Severity ; Details               ;
+--------+-------+----------+-----------------------+
; max[3] ; Input ; Info     ; Stuck at GND          ;
; max[2] ; Input ; Info     ; Stuck at VCC          ;
; max[1] ; Input ; Info     ; Stuck at GND          ;
; max[0] ; Input ; Info     ; Stuck at VCC          ;
+--------+-------+----------+-----------------------+


+---------------------------------------------------+
; Port Connectivity Checks: "alarme:A1|contador:M1" ;
+-----------+-------+----------+--------------------+
; Port      ; Type  ; Severity ; Details            ;
+-----------+-------+----------+--------------------+
; max[2..1] ; Input ; Info     ; Stuck at GND       ;
; max[3]    ; Input ; Info     ; Stuck at VCC       ;
; max[0]    ; Input ; Info     ; Stuck at VCC       ;
+-----------+-------+----------+--------------------+


+---------------------------------------------------+
; Port Connectivity Checks: "alarme:A1|divF:DIV2"   ;
+-----------------+-------+----------+--------------+
; Port            ; Type  ; Severity ; Details      ;
+-----------------+-------+----------+--------------+
; divisor[23..19] ; Input ; Info     ; Stuck at VCC ;
; divisor[15..12] ; Input ; Info     ; Stuck at VCC ;
; divisor[31..26] ; Input ; Info     ; Stuck at GND ;
; divisor[11..8]  ; Input ; Info     ; Stuck at GND ;
; divisor[6..0]   ; Input ; Info     ; Stuck at GND ;
; divisor[25]     ; Input ; Info     ; Stuck at VCC ;
; divisor[24]     ; Input ; Info     ; Stuck at GND ;
; divisor[18]     ; Input ; Info     ; Stuck at GND ;
; divisor[17]     ; Input ; Info     ; Stuck at VCC ;
; divisor[16]     ; Input ; Info     ; Stuck at GND ;
; divisor[7]      ; Input ; Info     ; Stuck at VCC ;
; clear           ; Input ; Info     ; Stuck at GND ;
; enable          ; Input ; Info     ; Stuck at VCC ;
+-----------------+-------+----------+--------------+


+---------------------------------------------------+
; Port Connectivity Checks: "alarme:A1|divF:DIV1"   ;
+-----------------+-------+----------+--------------+
; Port            ; Type  ; Severity ; Details      ;
+-----------------+-------+----------+--------------+
; divisor[23..19] ; Input ; Info     ; Stuck at VCC ;
; divisor[15..12] ; Input ; Info     ; Stuck at VCC ;
; divisor[31..26] ; Input ; Info     ; Stuck at GND ;
; divisor[11..8]  ; Input ; Info     ; Stuck at GND ;
; divisor[6..0]   ; Input ; Info     ; Stuck at GND ;
; divisor[25]     ; Input ; Info     ; Stuck at VCC ;
; divisor[24]     ; Input ; Info     ; Stuck at GND ;
; divisor[18]     ; Input ; Info     ; Stuck at GND ;
; divisor[17]     ; Input ; Info     ; Stuck at VCC ;
; divisor[16]     ; Input ; Info     ; Stuck at GND ;
; divisor[7]      ; Input ; Info     ; Stuck at VCC ;
; clear           ; Input ; Info     ; Stuck at GND ;
; enable          ; Input ; Info     ; Stuck at VCC ;
+-----------------+-------+----------+--------------+


+-------------------------------------------+
; Port Connectivity Checks: "alarme:A1"     ;
+---------+-------+----------+--------------+
; Port    ; Type  ; Severity ; Details      ;
+---------+-------+----------+--------------+
; enable1 ; Input ; Info     ; Stuck at VCC ;
+---------+-------+----------+--------------+


+-------------------------------------------------------+
; Port Connectivity Checks: "cronometro:C1|contador:M2" ;
+--------+-------+----------+---------------------------+
; Port   ; Type  ; Severity ; Details                   ;
+--------+-------+----------+---------------------------+
; max[3] ; Input ; Info     ; Stuck at GND              ;
; max[2] ; Input ; Info     ; Stuck at VCC              ;
; max[1] ; Input ; Info     ; Stuck at GND              ;
; max[0] ; Input ; Info     ; Stuck at VCC              ;
+--------+-------+----------+---------------------------+


+-------------------------------------------------------+
; Port Connectivity Checks: "cronometro:C1|contador:M1" ;
+-----------+-------+----------+------------------------+
; Port      ; Type  ; Severity ; Details                ;
+-----------+-------+----------+------------------------+
; max[2..1] ; Input ; Info     ; Stuck at GND           ;
; max[3]    ; Input ; Info     ; Stuck at VCC           ;
; max[0]    ; Input ; Info     ; Stuck at VCC           ;
+-----------+-------+----------+------------------------+


+-------------------------------------------------------+
; Port Connectivity Checks: "cronometro:C1|contador:S2" ;
+--------+-------+----------+---------------------------+
; Port   ; Type  ; Severity ; Details                   ;
+--------+-------+----------+---------------------------+
; max[3] ; Input ; Info     ; Stuck at GND              ;
; max[2] ; Input ; Info     ; Stuck at VCC              ;
; max[1] ; Input ; Info     ; Stuck at GND              ;
; max[0] ; Input ; Info     ; Stuck at VCC              ;
+--------+-------+----------+---------------------------+


+-------------------------------------------------------+
; Port Connectivity Checks: "cronometro:C1|contador:S1" ;
+-----------+-------+----------+------------------------+
; Port      ; Type  ; Severity ; Details                ;
+-----------+-------+----------+------------------------+
; max[2..1] ; Input ; Info     ; Stuck at GND           ;
; max[3]    ; Input ; Info     ; Stuck at VCC           ;
; max[0]    ; Input ; Info     ; Stuck at VCC           ;
+-----------+-------+----------+------------------------+


+--------------------------------------------------------+
; Port Connectivity Checks: "cronometro:C1|contador:MS2" ;
+-----------+-------+----------+-------------------------+
; Port      ; Type  ; Severity ; Details                 ;
+-----------+-------+----------+-------------------------+
; max[2..1] ; Input ; Info     ; Stuck at GND            ;
; max[3]    ; Input ; Info     ; Stuck at VCC            ;
; max[0]    ; Input ; Info     ; Stuck at VCC            ;
+-----------+-------+----------+-------------------------+


+--------------------------------------------------------+
; Port Connectivity Checks: "cronometro:C1|contador:MS1" ;
+-----------+-------+----------+-------------------------+
; Port      ; Type  ; Severity ; Details                 ;
+-----------+-------+----------+-------------------------+
; max[2..1] ; Input ; Info     ; Stuck at GND            ;
; max[3]    ; Input ; Info     ; Stuck at VCC            ;
; max[0]    ; Input ; Info     ; Stuck at VCC            ;
+-----------+-------+----------+-------------------------+


+-----------------------------------------------------+
; Port Connectivity Checks: "cronometro:C1|divF:DIV1" ;
+-----------------+-------+----------+----------------+
; Port            ; Type  ; Severity ; Details        ;
+-----------------+-------+----------+----------------+
; divisor[17..14] ; Input ; Info     ; Stuck at VCC   ;
; divisor[3..0]   ; Input ; Info     ; Stuck at VCC   ;
; divisor[31..18] ; Input ; Info     ; Stuck at GND   ;
; divisor[11..8]  ; Input ; Info     ; Stuck at GND   ;
; divisor[6..4]   ; Input ; Info     ; Stuck at GND   ;
; divisor[13]     ; Input ; Info     ; Stuck at GND   ;
; divisor[12]     ; Input ; Info     ; Stuck at VCC   ;
; divisor[7]      ; Input ; Info     ; Stuck at VCC   ;
; clear           ; Input ; Info     ; Stuck at GND   ;
; enable          ; Input ; Info     ; Stuck at VCC   ;
+-----------------+-------+----------+----------------+


+-----------------------------------------------------+
; Port Connectivity Checks: "cronometro:C1|divF:DIV2" ;
+----------------+-------+----------+-----------------+
; Port           ; Type  ; Severity ; Details         ;
+----------------+-------+----------+-----------------+
; divisor[31..1] ; Input ; Info     ; Stuck at GND    ;
; divisor[0]     ; Input ; Info     ; Stuck at VCC    ;
; clear          ; Input ; Info     ; Stuck at GND    ;
; enable         ; Input ; Info     ; Stuck at VCC    ;
+----------------+-------+----------+-----------------+


+-------------------------------------------+
; Port Connectivity Checks: "cronometro:C1" ;
+---------+-------+----------+--------------+
; Port    ; Type  ; Severity ; Details      ;
+---------+-------+----------+--------------+
; enable1 ; Input ; Info     ; Stuck at VCC ;
+---------+-------+----------+--------------+


+----------------------------------------------------+
; Port Connectivity Checks: "horario:H1|contador:H2" ;
+-----------+-------+----------+---------------------+
; Port      ; Type  ; Severity ; Details             ;
+-----------+-------+----------+---------------------+
; max[3..2] ; Input ; Info     ; Stuck at GND        ;
; max[1]    ; Input ; Info     ; Stuck at VCC        ;
; max[0]    ; Input ; Info     ; Stuck at GND        ;
+-----------+-------+----------+---------------------+


+----------------------------------------------------+
; Port Connectivity Checks: "horario:H1|contador:H1" ;
+-----------+-------+----------+---------------------+
; Port      ; Type  ; Severity ; Details             ;
+-----------+-------+----------+---------------------+
; max[2..1] ; Input ; Info     ; Stuck at GND        ;
; max[3]    ; Input ; Info     ; Stuck at VCC        ;
; max[0]    ; Input ; Info     ; Stuck at VCC        ;
+-----------+-------+----------+---------------------+


+----------------------------------------------------+
; Port Connectivity Checks: "horario:H1|contador:M2" ;
+--------+-------+----------+------------------------+
; Port   ; Type  ; Severity ; Details                ;
+--------+-------+----------+------------------------+
; max[3] ; Input ; Info     ; Stuck at GND           ;
; max[2] ; Input ; Info     ; Stuck at VCC           ;
; max[1] ; Input ; Info     ; Stuck at GND           ;
; max[0] ; Input ; Info     ; Stuck at VCC           ;
+--------+-------+----------+------------------------+


+----------------------------------------------------+
; Port Connectivity Checks: "horario:H1|contador:M1" ;
+-----------+-------+----------+---------------------+
; Port      ; Type  ; Severity ; Details             ;
+-----------+-------+----------+---------------------+
; max[2..1] ; Input ; Info     ; Stuck at GND        ;
; max[3]    ; Input ; Info     ; Stuck at VCC        ;
; max[0]    ; Input ; Info     ; Stuck at VCC        ;
+-----------+-------+----------+---------------------+


+----------------------------------------------------+
; Port Connectivity Checks: "horario:H1|contador:S2" ;
+--------+-------+----------+------------------------+
; Port   ; Type  ; Severity ; Details                ;
+--------+-------+----------+------------------------+
; max[3] ; Input ; Info     ; Stuck at GND           ;
; max[2] ; Input ; Info     ; Stuck at VCC           ;
; max[1] ; Input ; Info     ; Stuck at GND           ;
; max[0] ; Input ; Info     ; Stuck at VCC           ;
+--------+-------+----------+------------------------+


+--------------------------------------------------------------+
; Port Connectivity Checks: "horario:H1|contador:S1|divF:DIV4" ;
+----------------+-------+----------+--------------------------+
; Port           ; Type  ; Severity ; Details                  ;
+----------------+-------+----------+--------------------------+
; divisor[31..1] ; Input ; Info     ; Stuck at GND             ;
; divisor[0]     ; Input ; Info     ; Stuck at VCC             ;
+----------------+-------+----------+--------------------------+


+--------------------------------------------------------------+
; Port Connectivity Checks: "horario:H1|contador:S1|divF:DIV3" ;
+----------------+-------+----------+--------------------------+
; Port           ; Type  ; Severity ; Details                  ;
+----------------+-------+----------+--------------------------+
; divisor[31..1] ; Input ; Info     ; Stuck at GND             ;
; divisor[0]     ; Input ; Info     ; Stuck at VCC             ;
+----------------+-------+----------+--------------------------+


+--------------------------------------------------------------+
; Port Connectivity Checks: "horario:H1|contador:S1|divF:DIV2" ;
+----------------+-------+----------+--------------------------+
; Port           ; Type  ; Severity ; Details                  ;
+----------------+-------+----------+--------------------------+
; divisor[31..1] ; Input ; Info     ; Stuck at GND             ;
; divisor[0]     ; Input ; Info     ; Stuck at VCC             ;
+----------------+-------+----------+--------------------------+


+--------------------------------------------------------------+
; Port Connectivity Checks: "horario:H1|contador:S1|divF:DIV1" ;
+----------------+-------+----------+--------------------------+
; Port           ; Type  ; Severity ; Details                  ;
+----------------+-------+----------+--------------------------+
; divisor[31..1] ; Input ; Info     ; Stuck at GND             ;
; divisor[0]     ; Input ; Info     ; Stuck at VCC             ;
+----------------+-------+----------+--------------------------+


+----------------------------------------------------+
; Port Connectivity Checks: "horario:H1|contador:S1" ;
+-----------+-------+----------+---------------------+
; Port      ; Type  ; Severity ; Details             ;
+-----------+-------+----------+---------------------+
; max[2..1] ; Input ; Info     ; Stuck at GND        ;
; max[3]    ; Input ; Info     ; Stuck at VCC        ;
; max[0]    ; Input ; Info     ; Stuck at VCC        ;
+-----------+-------+----------+---------------------+


+---------------------------------------------------+
; Port Connectivity Checks: "horario:H1|divF:DIV1"  ;
+-----------------+-------+----------+--------------+
; Port            ; Type  ; Severity ; Details      ;
+-----------------+-------+----------+--------------+
; divisor[22..18] ; Input ; Info     ; Stuck at VCC ;
; divisor[14..11] ; Input ; Info     ; Stuck at VCC ;
; divisor[31..25] ; Input ; Info     ; Stuck at GND ;
; divisor[10..7]  ; Input ; Info     ; Stuck at GND ;
; divisor[5..0]   ; Input ; Info     ; Stuck at GND ;
; divisor[24]     ; Input ; Info     ; Stuck at VCC ;
; divisor[23]     ; Input ; Info     ; Stuck at GND ;
; divisor[17]     ; Input ; Info     ; Stuck at GND ;
; divisor[16]     ; Input ; Info     ; Stuck at VCC ;
; divisor[15]     ; Input ; Info     ; Stuck at GND ;
; divisor[6]      ; Input ; Info     ; Stuck at VCC ;
; clear           ; Input ; Info     ; Stuck at GND ;
; enable          ; Input ; Info     ; Stuck at VCC ;
+-----------------+-------+----------+--------------+


+---------------------------------------------------+
; Port Connectivity Checks: "horario:H1|divF:DIV2"  ;
+-----------------+-------+----------+--------------+
; Port            ; Type  ; Severity ; Details      ;
+-----------------+-------+----------+--------------+
; divisor[22..18] ; Input ; Info     ; Stuck at VCC ;
; divisor[14..11] ; Input ; Info     ; Stuck at VCC ;
; divisor[31..25] ; Input ; Info     ; Stuck at GND ;
; divisor[10..7]  ; Input ; Info     ; Stuck at GND ;
; divisor[5..0]   ; Input ; Info     ; Stuck at GND ;
; divisor[24]     ; Input ; Info     ; Stuck at VCC ;
; divisor[23]     ; Input ; Info     ; Stuck at GND ;
; divisor[17]     ; Input ; Info     ; Stuck at GND ;
; divisor[16]     ; Input ; Info     ; Stuck at VCC ;
; divisor[15]     ; Input ; Info     ; Stuck at GND ;
; divisor[6]      ; Input ; Info     ; Stuck at VCC ;
; clear           ; Input ; Info     ; Stuck at GND ;
; enable          ; Input ; Info     ; Stuck at VCC ;
+-----------------+-------+----------+--------------+


+---------------------------------------------------+
; Port Connectivity Checks: "horario:H1|divF:DIV3"  ;
+-----------------+-------+----------+--------------+
; Port            ; Type  ; Severity ; Details      ;
+-----------------+-------+----------+--------------+
; divisor[22..18] ; Input ; Info     ; Stuck at VCC ;
; divisor[14..11] ; Input ; Info     ; Stuck at VCC ;
; divisor[31..25] ; Input ; Info     ; Stuck at GND ;
; divisor[10..7]  ; Input ; Info     ; Stuck at GND ;
; divisor[5..0]   ; Input ; Info     ; Stuck at GND ;
; divisor[24]     ; Input ; Info     ; Stuck at VCC ;
; divisor[23]     ; Input ; Info     ; Stuck at GND ;
; divisor[17]     ; Input ; Info     ; Stuck at GND ;
; divisor[16]     ; Input ; Info     ; Stuck at VCC ;
; divisor[15]     ; Input ; Info     ; Stuck at GND ;
; divisor[6]      ; Input ; Info     ; Stuck at VCC ;
; clear           ; Input ; Info     ; Stuck at GND ;
; enable          ; Input ; Info     ; Stuck at VCC ;
+-----------------+-------+----------+--------------+


+-------------------------------------------+
; Port Connectivity Checks: "horario:H1"    ;
+---------+-------+----------+--------------+
; Port    ; Type  ; Severity ; Details      ;
+---------+-------+----------+--------------+
; enable1 ; Input ; Info     ; Stuck at VCC ;
+---------+-------+----------+--------------+


+-------------------------------+
; Elapsed Time Per Partition    ;
+----------------+--------------+
; Partition Name ; Elapsed Time ;
+----------------+--------------+
; Top            ; 00:00:04     ;
+----------------+--------------+


+-------------------------------+
; Analysis & Synthesis Messages ;
+-------------------------------+
Info: *******************************************************************
Info: Running Quartus II 64-Bit Analysis & Synthesis
    Info: Version 13.0.1 Build 232 06/12/2013 Service Pack 1 SJ Web Edition
    Info: Processing started: Sat Jun  9 10:03:49 2018
Info: Command: quartus_map --read_settings_files=on --write_settings_files=off relogio -c contador
Warning (20028): Parallel compilation is not licensed and has been disabled
Info (12021): Found 2 design units, including 1 entities, in source file divF.vhd
    Info (12022): Found design unit 1: divF-divF
    Info (12023): Found entity 1: divF
Info (12021): Found 2 design units, including 1 entities, in source file contador.vhd
    Info (12022): Found design unit 1: contador-contador
    Info (12023): Found entity 1: contador
Info (12021): Found 2 design units, including 1 entities, in source file cronometro.vhd
    Info (12022): Found design unit 1: cronometro-cronometro
    Info (12023): Found entity 1: cronometro
Info (12021): Found 2 design units, including 1 entities, in source file horario.vhd
    Info (12022): Found design unit 1: horario-horario
    Info (12023): Found entity 1: horario
Info (12021): Found 2 design units, including 1 entities, in source file alarme.vhd
    Info (12022): Found design unit 1: alarme-alarme
    Info (12023): Found entity 1: alarme
Info (12021): Found 2 design units, including 1 entities, in source file relogio.vhd
    Info (12022): Found design unit 1: relogio-relogio
    Info (12023): Found entity 1: relogio
Info (12021): Found 2 design units, including 1 entities, in source file decodificador.vhd
    Info (12022): Found design unit 1: decodificador-decodificador
    Info (12023): Found entity 1: decodificador
Info (12127): Elaborating entity "relogio" for the top level hierarchy
Warning (10492): VHDL Process Statement warning at relogio.vhd(112): signal "HorarioPiscarM" is read inside the Process Statement but isn't in the Process Statement's sensitivity list
Warning (10492): VHDL Process Statement warning at relogio.vhd(113): signal "HorarioPiscarH" is read inside the Process Statement but isn't in the Process Statement's sensitivity list
Warning (10492): VHDL Process Statement warning at relogio.vhd(115): signal "Segundos1SigHorario" is read inside the Process Statement but isn't in the Process Statement's sensitivity list
Warning (10492): VHDL Process Statement warning at relogio.vhd(116): signal "Segundos2SigHorario" is read inside the Process Statement but isn't in the Process Statement's sensitivity list
Warning (10492): VHDL Process Statement warning at relogio.vhd(117): signal "Minutos1SigHorario" is read inside the Process Statement but isn't in the Process Statement's sensitivity list
Warning (10492): VHDL Process Statement warning at relogio.vhd(118): signal "Minutos2SigHorario" is read inside the Process Statement but isn't in the Process Statement's sensitivity list
Warning (10492): VHDL Process Statement warning at relogio.vhd(119): signal "Horas1SigHorario" is read inside the Process Statement but isn't in the Process Statement's sensitivity list
Warning (10492): VHDL Process Statement warning at relogio.vhd(120): signal "Horas2SigHorario" is read inside the Process Statement but isn't in the Process Statement's sensitivity list
Warning (10492): VHDL Process Statement warning at relogio.vhd(122): signal "AlarmePiscarH" is read inside the Process Statement but isn't in the Process Statement's sensitivity list
Warning (10492): VHDL Process Statement warning at relogio.vhd(123): signal "AlarmePiscarM" is read inside the Process Statement but isn't in the Process Statement's sensitivity list
Warning (10492): VHDL Process Statement warning at relogio.vhd(127): signal "Minutos1SigAlarme" is read inside the Process Statement but isn't in the Process Statement's sensitivity list
Warning (10492): VHDL Process Statement warning at relogio.vhd(128): signal "Minutos2SigAlarme" is read inside the Process Statement but isn't in the Process Statement's sensitivity list
Warning (10492): VHDL Process Statement warning at relogio.vhd(129): signal "Horas1SigAlarme" is read inside the Process Statement but isn't in the Process Statement's sensitivity list
Warning (10492): VHDL Process Statement warning at relogio.vhd(130): signal "Horas2SigAlarme" is read inside the Process Statement but isn't in the Process Statement's sensitivity list
Warning (10492): VHDL Process Statement warning at relogio.vhd(135): signal "Segundos1SigCronometro" is read inside the Process Statement but isn't in the Process Statement's sensitivity list
Warning (10492): VHDL Process Statement warning at relogio.vhd(136): signal "Segundos2SigCronometro" is read inside the Process Statement but isn't in the Process Statement's sensitivity list
Warning (10492): VHDL Process Statement warning at relogio.vhd(137): signal "Minutos1SigCronometro" is read inside the Process Statement but isn't in the Process Statement's sensitivity list
Warning (10492): VHDL Process Statement warning at relogio.vhd(138): signal "Minutos2SigCronometro" is read inside the Process Statement but isn't in the Process Statement's sensitivity list
Warning (10492): VHDL Process Statement warning at relogio.vhd(139): signal "Horas1SigCronometro" is read inside the Process Statement but isn't in the Process Statement's sensitivity list
Warning (10492): VHDL Process Statement warning at relogio.vhd(140): signal "Horas2SigCronometro" is read inside the Process Statement but isn't in the Process Statement's sensitivity list
Info (12128): Elaborating entity "horario" for hierarchy "horario:H1"
Warning (10492): VHDL Process Statement warning at horario.vhd(55): signal "modo" is read inside the Process Statement but isn't in the Process Statement's sensitivity list
Warning (10492): VHDL Process Statement warning at horario.vhd(58): signal "clockSignal" is read inside the Process Statement but isn't in the Process Statement's sensitivity list
Warning (10492): VHDL Process Statement warning at horario.vhd(59): signal "strt" is read inside the Process Statement but isn't in the Process Statement's sensitivity list
Warning (10492): VHDL Process Statement warning at horario.vhd(60): signal "clockH" is read inside the Process Statement but isn't in the Process Statement's sensitivity list
Warning (10492): VHDL Process Statement warning at horario.vhd(61): signal "piscadorM" is read inside the Process Statement but isn't in the Process Statement's sensitivity list
Warning (10492): VHDL Process Statement warning at horario.vhd(67): signal "clockSignal" is read inside the Process Statement but isn't in the Process Statement's sensitivity list
Warning (10492): VHDL Process Statement warning at horario.vhd(68): signal "clockM" is read inside the Process Statement but isn't in the Process Statement's sensitivity list
Warning (10492): VHDL Process Statement warning at horario.vhd(69): signal "strt" is read inside the Process Statement but isn't in the Process Statement's sensitivity list
Warning (10492): VHDL Process Statement warning at horario.vhd(71): signal "piscadorH" is read inside the Process Statement but isn't in the Process Statement's sensitivity list
Warning (10492): VHDL Process Statement warning at horario.vhd(79): signal "clockSignal" is read inside the Process Statement but isn't in the Process Statement's sensitivity list
Warning (10492): VHDL Process Statement warning at horario.vhd(80): signal "Segundos2Sig" is read inside the Process Statement but isn't in the Process Statement's sensitivity list
Warning (10492): VHDL Process Statement warning at horario.vhd(81): signal "Minutos2Sig" is read inside the Process Statement but isn't in the Process Statement's sensitivity list
Warning (10492): VHDL Process Statement warning at horario.vhd(90): signal "set" is read inside the Process Statement but isn't in the Process Statement's sensitivity list
Warning (10492): VHDL Process Statement warning at horario.vhd(100): signal "clockSignal" is read inside the Process Statement but isn't in the Process Statement's sensitivity list
Warning (10492): VHDL Process Statement warning at horario.vhd(101): signal "Segundos2Sig" is read inside the Process Statement but isn't in the Process Statement's sensitivity list
Warning (10492): VHDL Process Statement warning at horario.vhd(102): signal "Minutos2Sig" is read inside the Process Statement but isn't in the Process Statement's sensitivity list
Warning (10631): VHDL Process Statement warning at horario.vhd(53): inferring latch(es) for signal or variable "clockM", which holds its previous value in one or more paths through the process
Warning (10631): VHDL Process Statement warning at horario.vhd(53): inferring latch(es) for signal or variable "clockH", which holds its previous value in one or more paths through the process
Info (10041): Inferred latch for "clockH" at horario.vhd(53)
Info (10041): Inferred latch for "clockM" at horario.vhd(53)
Info (12128): Elaborating entity "divF" for hierarchy "horario:H1|divF:DIV3"
Info (12128): Elaborating entity "contador" for hierarchy "horario:H1|contador:S1"
Info (12128): Elaborating entity "cronometro" for hierarchy "cronometro:C1"
Info (12128): Elaborating entity "alarme" for hierarchy "alarme:A1"
Warning (10492): VHDL Process Statement warning at alarme.vhd(52): signal "MinHor" is read inside the Process Statement but isn't in the Process Statement's sensitivity list
Warning (10492): VHDL Process Statement warning at alarme.vhd(54): signal "strt" is read inside the Process Statement but isn't in the Process Statement's sensitivity list
Warning (10492): VHDL Process Statement warning at alarme.vhd(55): signal "clockH" is read inside the Process Statement but isn't in the Process Statement's sensitivity list
Warning (10492): VHDL Process Statement warning at alarme.vhd(56): signal "piscadorM" is read inside the Process Statement but isn't in the Process Statement's sensitivity list
Warning (10492): VHDL Process Statement warning at alarme.vhd(61): signal "clockM" is read inside the Process Statement but isn't in the Process Statement's sensitivity list
Warning (10492): VHDL Process Statement warning at alarme.vhd(62): signal "strt" is read inside the Process Statement but isn't in the Process Statement's sensitivity list
Warning (10492): VHDL Process Statement warning at alarme.vhd(64): signal "piscadorH" is read inside the Process Statement but isn't in the Process Statement's sensitivity list
Warning (10492): VHDL Process Statement warning at alarme.vhd(75): signal "set" is read inside the Process Statement but isn't in the Process Statement's sensitivity list
Warning (10631): VHDL Process Statement warning at alarme.vhd(49): inferring latch(es) for signal or variable "clockM", which holds its previous value in one or more paths through the process
Warning (10631): VHDL Process Statement warning at alarme.vhd(49): inferring latch(es) for signal or variable "clockH", which holds its previous value in one or more paths through the process
Warning (10631): VHDL Process Statement warning at alarme.vhd(49): inferring latch(es) for signal or variable "piscarM", which holds its previous value in one or more paths through the process
Warning (10631): VHDL Process Statement warning at alarme.vhd(49): inferring latch(es) for signal or variable "piscarH", which holds its previous value in one or more paths through the process
Info (10041): Inferred latch for "piscarH" at alarme.vhd(49)
Info (10041): Inferred latch for "piscarM" at alarme.vhd(49)
Info (10041): Inferred latch for "clockH" at alarme.vhd(49)
Info (10041): Inferred latch for "clockM" at alarme.vhd(49)
Info (12128): Elaborating entity "decodificador" for hierarchy "decodificador:D1"
Warning (13012): Latch horario:H1|clockM has unsafe behavior
    Warning (13013): Ports D and ENA on the latch are fed by the same signal horario:H1|MinHor[1]
Warning (13012): Latch alarme:A1|clockM has unsafe behavior
    Warning (13013): Ports D and ENA on the latch are fed by the same signal alarme:A1|MinHor[0]
Warning (13012): Latch horario:H1|clockH has unsafe behavior
    Warning (13013): Ports D and ENA on the latch are fed by the same signal horario:H1|MinHor[0]
Critical Warning (18061): Ignored Power-Up Level option on the following registers
    Critical Warning (18010): Register horario:H1|MinHor[1] will power up to Low
    Critical Warning (18010): Register alarme:A1|MinHor[0] will power up to Low
Info (16010): Generating hard_block partition "hard_block:auto_generated_inst"
    Info (16011): Adding 0 node(s), including 0 DDIO, 0 PLL, 0 transceiver and 0 LCELL
Info (21057): Implemented 2830 device resources after synthesis - the final resource count might be different
    Info (21058): Implemented 6 input pins
    Info (21059): Implemented 45 output pins
    Info (21061): Implemented 2779 logic cells
Info: Quartus II 64-Bit Analysis & Synthesis was successful. 0 errors, 60 warnings
    Info: Peak virtual memory: 640 megabytes
    Info: Processing ended: Sat Jun  9 10:03:56 2018
    Info: Elapsed time: 00:00:07
    Info: Total CPU time (on all processors): 00:00:07


