Analysis & Synthesis report for processador
Thu Jun 28 16:47:34 2018
Quartus II 64-Bit Version 13.0.1 Build 232 06/12/2013 Service Pack 1 SJ Web Edition


---------------------
; Table of Contents ;
---------------------
  1. Legal Notice
  2. Analysis & Synthesis Summary
  3. Analysis & Synthesis Settings
  4. Parallel Compilation
  5. Analysis & Synthesis Source Files Read
  6. Analysis & Synthesis Resource Usage Summary
  7. Analysis & Synthesis Resource Utilization by Entity
  8. State Machine - |cpu|ctrl:controller|state
  9. User-Specified and Inferred Latches
 10. Registers Removed During Synthesis
 11. Removed Registers Triggering Further Register Optimizations
 12. General Register Statistics
 13. Inverted Register Statistics
 14. Multiplexer Restructuring Statistics (Restructuring Performed)
 15. Elapsed Time Per Partition
 16. Analysis & Synthesis Messages



----------------
; Legal Notice ;
----------------
Copyright (C) 1991-2013 Altera Corporation
Your use of Altera Corporation's design tools, logic functions 
and other software and tools, and its AMPP partner logic 
functions, and any output files from any of the foregoing 
(including device programming or simulation files), and any 
associated documentation or information are expressly subject 
to the terms and conditions of the Altera Program License 
Subscription Agreement, Altera MegaCore Function License 
Agreement, or other applicable license agreement, including, 
without limitation, that your use is for the sole purpose of 
programming logic devices manufactured by Altera and sold by 
Altera or its authorized distributors.  Please refer to the 
applicable agreement for further details.



+--------------------------------------------------------------------------------------+
; Analysis & Synthesis Summary                                                         ;
+------------------------------------+-------------------------------------------------+
; Analysis & Synthesis Status        ; Successful - Thu Jun 28 16:47:34 2018           ;
; Quartus II 64-Bit Version          ; 13.0.1 Build 232 06/12/2013 SP 1 SJ Web Edition ;
; Revision Name                      ; processador                                     ;
; Top-level Entity Name              ; cpu                                             ;
; Family                             ; Cyclone II                                      ;
; Total logic elements               ; 39                                              ;
;     Total combinational functions  ; 35                                              ;
;     Dedicated logic registers      ; 29                                              ;
; Total registers                    ; 29                                              ;
; Total pins                         ; 42                                              ;
; Total virtual pins                 ; 0                                               ;
; Total memory bits                  ; 0                                               ;
; Embedded Multiplier 9-bit elements ; 0                                               ;
; Total PLLs                         ; 0                                               ;
+------------------------------------+-------------------------------------------------+


+----------------------------------------------------------------------------------------------------------------------+
; Analysis & Synthesis Settings                                                                                        ;
+----------------------------------------------------------------------------+--------------------+--------------------+
; Option                                                                     ; Setting            ; Default Value      ;
+----------------------------------------------------------------------------+--------------------+--------------------+
; Device                                                                     ; EP2C35F672C6       ;                    ;
; Top-level entity name                                                      ; cpu                ; processador        ;
; Family name                                                                ; Cyclone II         ; Cyclone IV GX      ;
; Use smart compilation                                                      ; Off                ; Off                ;
; Enable parallel Assembler and TimeQuest Timing Analyzer during compilation ; On                 ; On                 ;
; Enable compact report table                                                ; Off                ; Off                ;
; Restructure Multiplexers                                                   ; Auto               ; Auto               ;
; Create Debugging Nodes for IP Cores                                        ; Off                ; Off                ;
; Preserve fewer node names                                                  ; On                 ; On                 ;
; Disable OpenCore Plus hardware evaluation                                  ; Off                ; Off                ;
; Verilog Version                                                            ; Verilog_2001       ; Verilog_2001       ;
; VHDL Version                                                               ; VHDL_1993          ; VHDL_1993          ;
; State Machine Processing                                                   ; Auto               ; Auto               ;
; Safe State Machine                                                         ; Off                ; Off                ;
; Extract Verilog State Machines                                             ; On                 ; On                 ;
; Extract VHDL State Machines                                                ; On                 ; On                 ;
; Ignore Verilog initial constructs                                          ; Off                ; Off                ;
; Iteration limit for constant Verilog loops                                 ; 5000               ; 5000               ;
; Iteration limit for non-constant Verilog loops                             ; 250                ; 250                ;
; Add Pass-Through Logic to Inferred RAMs                                    ; On                 ; On                 ;
; Infer RAMs from Raw Logic                                                  ; On                 ; On                 ;
; Parallel Synthesis                                                         ; On                 ; On                 ;
; DSP Block Balancing                                                        ; Auto               ; Auto               ;
; NOT Gate Push-Back                                                         ; On                 ; On                 ;
; Power-Up Don't Care                                                        ; On                 ; On                 ;
; Remove Redundant Logic Cells                                               ; Off                ; Off                ;
; Remove Duplicate Registers                                                 ; On                 ; On                 ;
; Ignore CARRY Buffers                                                       ; Off                ; Off                ;
; Ignore CASCADE Buffers                                                     ; Off                ; Off                ;
; Ignore GLOBAL Buffers                                                      ; Off                ; Off                ;
; Ignore ROW GLOBAL Buffers                                                  ; Off                ; Off                ;
; Ignore LCELL Buffers                                                       ; Off                ; Off                ;
; Ignore SOFT Buffers                                                        ; On                 ; On                 ;
; Limit AHDL Integers to 32 Bits                                             ; Off                ; Off                ;
; Optimization Technique                                                     ; Balanced           ; Balanced           ;
; Carry Chain Length                                                         ; 70                 ; 70                 ;
; Auto Carry Chains                                                          ; On                 ; On                 ;
; Auto Open-Drain Pins                                                       ; On                 ; On                 ;
; Perform WYSIWYG Primitive Resynthesis                                      ; Off                ; Off                ;
; Auto ROM Replacement                                                       ; On                 ; On                 ;
; Auto RAM Replacement                                                       ; On                 ; On                 ;
; Auto Shift Register Replacement                                            ; Auto               ; Auto               ;
; Allow Shift Register Merging across Hierarchies                            ; Auto               ; Auto               ;
; Auto Clock Enable Replacement                                              ; On                 ; On                 ;
; Strict RAM Replacement                                                     ; Off                ; Off                ;
; Allow Synchronous Control Signals                                          ; On                 ; On                 ;
; Force Use of Synchronous Clear Signals                                     ; Off                ; Off                ;
; Auto RAM to Logic Cell Conversion                                          ; Off                ; Off                ;
; Auto Resource Sharing                                                      ; Off                ; Off                ;
; Allow Any RAM Size For Recognition                                         ; Off                ; Off                ;
; Allow Any ROM Size For Recognition                                         ; Off                ; Off                ;
; Allow Any Shift Register Size For Recognition                              ; Off                ; Off                ;
; Use LogicLock Constraints during Resource Balancing                        ; On                 ; On                 ;
; Ignore translate_off and synthesis_off directives                          ; Off                ; Off                ;
; Timing-Driven Synthesis                                                    ; Off                ; Off                ;
; Report Parameter Settings                                                  ; On                 ; On                 ;
; Report Source Assignments                                                  ; On                 ; On                 ;
; Report Connectivity Checks                                                 ; On                 ; On                 ;
; Ignore Maximum Fan-Out Assignments                                         ; Off                ; Off                ;
; Synchronization Register Chain Length                                      ; 2                  ; 2                  ;
; PowerPlay Power Optimization                                               ; Normal compilation ; Normal compilation ;
; HDL message level                                                          ; Level2             ; Level2             ;
; Suppress Register Optimization Related Messages                            ; Off                ; Off                ;
; Number of Removed Registers Reported in Synthesis Report                   ; 5000               ; 5000               ;
; Number of Swept Nodes Reported in Synthesis Report                         ; 5000               ; 5000               ;
; Number of Inverted Registers Reported in Synthesis Report                  ; 100                ; 100                ;
; Clock MUX Protection                                                       ; On                 ; On                 ;
; Auto Gated Clock Conversion                                                ; Off                ; Off                ;
; Block Design Naming                                                        ; Auto               ; Auto               ;
; SDC constraint protection                                                  ; Off                ; Off                ;
; Synthesis Effort                                                           ; Auto               ; Auto               ;
; Shift Register Replacement - Allow Asynchronous Clear Signal               ; On                 ; On                 ;
; Pre-Mapping Resynthesis Optimization                                       ; Off                ; Off                ;
; Analysis & Synthesis Message Level                                         ; Medium             ; Medium             ;
; Disable Register Merging Across Hierarchies                                ; Auto               ; Auto               ;
; Resource Aware Inference For Block RAM                                     ; On                 ; On                 ;
; Synthesis Seed                                                             ; 1                  ; 1                  ;
+----------------------------------------------------------------------------+--------------------+--------------------+


Parallel compilation was disabled, but you have multiple processors available. Enable parallel compilation to reduce compilation time.
+-------------------------------------+
; Parallel Compilation                ;
+----------------------------+--------+
; Processors                 ; Number ;
+----------------------------+--------+
; Number detected on machine ; 4      ;
; Maximum allowed            ; 1      ;
+----------------------------+--------+


+-----------------------------------------------------------------------------------------------------------------------------------------------------------------------------------------+
; Analysis & Synthesis Source Files Read                                                                                                                                                  ;
+----------------------------------+-----------------+-----------------+--------------------------------------------------------------------------------------------------------+---------+
; File Name with User-Entered Path ; Used in Netlist ; File Type       ; File Name with Absolute Path                                                                           ; Library ;
+----------------------------------+-----------------+-----------------+--------------------------------------------------------------------------------------------------------+---------+
; dp.vhdl                          ; yes             ; User VHDL File  ; /home/cicero/Dropbox/CeT 2018.1/Sistemas Digitais/Laboratorio/Terceiro Projeto - Processador/dp.vhdl   ;         ;
; ctrl.vhdl                        ; yes             ; User VHDL File  ; /home/cicero/Dropbox/CeT 2018.1/Sistemas Digitais/Laboratorio/Terceiro Projeto - Processador/ctrl.vhdl ;         ;
; cpu.vhdl                         ; yes             ; User VHDL File  ; /home/cicero/Dropbox/CeT 2018.1/Sistemas Digitais/Laboratorio/Terceiro Projeto - Processador/cpu.vhdl  ;         ;
+----------------------------------+-----------------+-----------------+--------------------------------------------------------------------------------------------------------+---------+


+-----------------------------------------------------+
; Analysis & Synthesis Resource Usage Summary         ;
+---------------------------------------------+-------+
; Resource                                    ; Usage ;
+---------------------------------------------+-------+
; Estimated Total logic elements              ; 39    ;
;                                             ;       ;
; Total combinational functions               ; 35    ;
; Logic element usage by number of LUT inputs ;       ;
;     -- 4 input functions                    ; 19    ;
;     -- 3 input functions                    ; 9     ;
;     -- <=2 input functions                  ; 7     ;
;                                             ;       ;
; Logic elements by mode                      ;       ;
;     -- normal mode                          ; 34    ;
;     -- arithmetic mode                      ; 1     ;
;                                             ;       ;
; Total registers                             ; 29    ;
;     -- Dedicated logic registers            ; 29    ;
;     -- I/O registers                        ; 0     ;
;                                             ;       ;
; I/O pins                                    ; 42    ;
; Embedded Multiplier 9-bit elements          ; 0     ;
; Maximum fan-out node                        ; rst   ;
; Maximum fan-out                             ; 30    ;
; Total fan-out                               ; 232   ;
; Average fan-out                             ; 2.19  ;
+---------------------------------------------+-------+


+-------------------------------------------------------------------------------------------------------------------------------------------------------------------------------------------------+
; Analysis & Synthesis Resource Utilization by Entity                                                                                                                                             ;
+------------------------------+-------------------+--------------+-------------+--------------+---------+-----------+------+--------------+---------------------------------------+--------------+
; Compilation Hierarchy Node   ; LC Combinationals ; LC Registers ; Memory Bits ; DSP Elements ; DSP 9x9 ; DSP 18x18 ; Pins ; Virtual Pins ; Full Hierarchy Name                   ; Library Name ;
+------------------------------+-------------------+--------------+-------------+--------------+---------+-----------+------+--------------+---------------------------------------+--------------+
; |cpu                         ; 35 (11)           ; 29 (9)       ; 0           ; 0            ; 0       ; 0         ; 42   ; 0            ; |cpu                                  ; work         ;
;    |ctrl:controller|         ; 20 (20)           ; 16 (16)      ; 0           ; 0            ; 0       ; 0         ; 0    ; 0            ; |cpu|ctrl:controller                  ; work         ;
;    |dp:datapath|             ; 4 (0)             ; 4 (0)        ; 0           ; 0            ; 0       ; 0         ; 0    ; 0            ; |cpu|dp:datapath                      ; work         ;
;       |acc:acumulador_atual| ; 0 (0)             ; 4 (4)        ; 0           ; 0            ; 0       ; 0         ; 0    ; 0            ; |cpu|dp:datapath|acc:acumulador_atual ; work         ;
;       |alu:alu1|             ; 4 (4)             ; 0 (0)        ; 0           ; 0            ; 0       ; 0         ; 0    ; 0            ; |cpu|dp:datapath|alu:alu1             ; work         ;
+------------------------------+-------------------+--------------+-------------+--------------+---------+-----------+------+--------------+---------------------------------------+--------------+
Note: For table entries with two numbers listed, the numbers in parentheses indicate the number of resources of the given type used by the specific entity alone. The numbers listed outside of parentheses indicate the total resources of the given type used by the specific entity and all of its sub-entities in the hierarchy.


Encoding Type:  One-Hot
+-------------------------------------------------------------------------------------------+
; State Machine - |cpu|ctrl:controller|state                                                ;
+------------+------------+----------+----------+----------+----------+----------+----------+
; Name       ; state.done ; state.s5 ; state.s4 ; state.s3 ; state.s2 ; state.s1 ; state.s0 ;
+------------+------------+----------+----------+----------+----------+----------+----------+
; state.s0   ; 0          ; 0        ; 0        ; 0        ; 0        ; 0        ; 0        ;
; state.s1   ; 0          ; 0        ; 0        ; 0        ; 0        ; 1        ; 1        ;
; state.s2   ; 0          ; 0        ; 0        ; 0        ; 1        ; 0        ; 1        ;
; state.s3   ; 0          ; 0        ; 0        ; 1        ; 0        ; 0        ; 1        ;
; state.s4   ; 0          ; 0        ; 1        ; 0        ; 0        ; 0        ; 1        ;
; state.s5   ; 0          ; 1        ; 0        ; 0        ; 0        ; 0        ; 1        ;
; state.done ; 1          ; 0        ; 0        ; 0        ; 0        ; 0        ; 1        ;
+------------+------------+----------+----------+----------+----------+----------+----------+


+---------------------------------------------------------------------------------------------------+
; User-Specified and Inferred Latches                                                               ;
+----------------------------------------------------+---------------------+------------------------+
; Latch Name                                         ; Latch Enable Signal ; Free of Timing Hazards ;
+----------------------------------------------------+---------------------+------------------------+
; dp:datapath|alu:alu1|output[3]                     ; Mux27               ; yes                    ;
; dp:datapath|alu:alu1|output[1]                     ; Mux27               ; yes                    ;
; dp:datapath|alu:alu1|output[2]                     ; Mux27               ; yes                    ;
; dp:datapath|alu:alu1|output[0]                     ; Mux27               ; yes                    ;
; Number of user-specified and inferred latches = 4  ;                     ;                        ;
+----------------------------------------------------+---------------------+------------------------+
Note: All latches listed above may not be present at the end of synthesis due to various synthesis optimizations.


+---------------------------------------------------------------------------------------------------+
; Registers Removed During Synthesis                                                                ;
+------------------------------------------+--------------------------------------------------------+
; Register name                            ; Reason for Removal                                     ;
+------------------------------------------+--------------------------------------------------------+
; ctrl:controller|OPCODE[2]                ; Stuck at GND due to stuck port data_in                 ;
; ctrl:controller|ADDRESS[2]               ; Stuck at VCC due to stuck port data_in                 ;
; dp:datapath|acc:acumulador_atual|temp[3] ; Merged with dp:datapath|acc:acumulador_atual|output[3] ;
; dp:datapath|acc:acumulador_atual|temp[2] ; Merged with dp:datapath|acc:acumulador_atual|output[2] ;
; dp:datapath|acc:acumulador_atual|temp[1] ; Merged with dp:datapath|acc:acumulador_atual|output[1] ;
; dp:datapath|acc:acumulador_atual|temp[0] ; Merged with dp:datapath|acc:acumulador_atual|output[0] ;
; hex1[6]~reg0                             ; Merged with hex0[6]~reg0                               ;
; hex2[6]~reg0                             ; Merged with hex0[6]~reg0                               ;
; hex3[6]~reg0                             ; Merged with hex0[6]~reg0                               ;
; hex3[3]~reg0                             ; Merged with hex3[0]~reg0                               ;
; hex3[4]~reg0                             ; Merged with hex3[0]~reg0                               ;
; hex3[5]~reg0                             ; Merged with hex3[0]~reg0                               ;
; hex0[2]~reg0                             ; Merged with hex0[1]~reg0                               ;
; hex1[1]~reg0                             ; Merged with hex0[1]~reg0                               ;
; hex1[2]~reg0                             ; Merged with hex0[1]~reg0                               ;
; hex2[1]~reg0                             ; Merged with hex0[1]~reg0                               ;
; hex2[2]~reg0                             ; Merged with hex0[1]~reg0                               ;
; hex3[1]~reg0                             ; Merged with hex0[1]~reg0                               ;
; hex3[2]~reg0                             ; Merged with hex0[1]~reg0                               ;
; hex2[3]~reg0                             ; Merged with hex2[0]~reg0                               ;
; hex2[4]~reg0                             ; Merged with hex2[0]~reg0                               ;
; hex2[5]~reg0                             ; Merged with hex2[0]~reg0                               ;
; hex0[3]~reg0                             ; Merged with hex0[0]~reg0                               ;
; hex0[4]~reg0                             ; Merged with hex0[0]~reg0                               ;
; hex0[5]~reg0                             ; Merged with hex0[0]~reg0                               ;
; ctrl:controller|estado_atual[3]          ; Merged with ctrl:controller|estado_atual[0]            ;
; ctrl:controller|OPCODE[0,3]              ; Merged with ctrl:controller|ADDRESS[3]                 ;
; hex1[3]~reg0                             ; Merged with hex1[0]~reg0                               ;
; hex1[4]~reg0                             ; Merged with hex1[0]~reg0                               ;
; hex1[5]~reg0                             ; Merged with hex1[0]~reg0                               ;
; ctrl:controller|estado_atual[2]          ; Stuck at GND due to stuck port data_in                 ;
; hex2[0]~reg0                             ; Stuck at GND due to stuck port data_in                 ;
; hex0[1]~reg0                             ; Stuck at GND due to stuck port data_in                 ;
; hex0[0]~reg0                             ; Merged with hex3[0]~reg0                               ;
; ctrl:controller|ADDRESS[3]               ; Merged with ctrl:controller|OPCODE[1]                  ;
; ctrl:controller|imm[2]                   ; Merged with ctrl:controller|enable                     ;
; hex0[6]~reg0                             ; Stuck at VCC due to stuck port data_in                 ;
; ctrl:controller|state.s5                 ; Merged with ctrl:controller|state.s4                   ;
; ctrl:controller|state.s4                 ; Stuck at GND due to stuck port data_in                 ;
; ctrl:controller|PC[2..31]                ; Lost fanout                                            ;
; Total Number of Removed Registers = 70   ;                                                        ;
+------------------------------------------+--------------------------------------------------------+


+-----------------------------------------------------------------------------------------------------------------------------------+
; Removed Registers Triggering Further Register Optimizations                                                                       ;
+---------------------------+---------------------------+---------------------------------------------------------------------------+
; Register name             ; Reason for Removal        ; Registers Removed due to This Register                                    ;
+---------------------------+---------------------------+---------------------------------------------------------------------------+
; ctrl:controller|PC[31]    ; Lost Fanouts              ; ctrl:controller|PC[30], ctrl:controller|PC[29], ctrl:controller|PC[28],   ;
;                           ;                           ; ctrl:controller|PC[27], ctrl:controller|PC[26], ctrl:controller|PC[25],   ;
;                           ;                           ; ctrl:controller|PC[24], ctrl:controller|PC[23], ctrl:controller|PC[22],   ;
;                           ;                           ; ctrl:controller|PC[21], ctrl:controller|PC[20], ctrl:controller|PC[19],   ;
;                           ;                           ; ctrl:controller|PC[18], ctrl:controller|PC[17], ctrl:controller|PC[16],   ;
;                           ;                           ; ctrl:controller|PC[15], ctrl:controller|PC[14], ctrl:controller|PC[13],   ;
;                           ;                           ; ctrl:controller|PC[12], ctrl:controller|PC[11], ctrl:controller|PC[10],   ;
;                           ;                           ; ctrl:controller|PC[9], ctrl:controller|PC[8], ctrl:controller|PC[7],      ;
;                           ;                           ; ctrl:controller|PC[6], ctrl:controller|PC[5], ctrl:controller|PC[4],      ;
;                           ;                           ; ctrl:controller|PC[3], ctrl:controller|PC[2]                              ;
; ctrl:controller|OPCODE[2] ; Stuck at GND              ; ctrl:controller|estado_atual[2], hex2[0]~reg0, hex0[1]~reg0, hex0[6]~reg0 ;
;                           ; due to stuck port data_in ;                                                                           ;
+---------------------------+---------------------------+---------------------------------------------------------------------------+


+------------------------------------------------------+
; General Register Statistics                          ;
+----------------------------------------------+-------+
; Statistic                                    ; Value ;
+----------------------------------------------+-------+
; Total registers                              ; 29    ;
; Number of registers using Synchronous Clear  ; 0     ;
; Number of registers using Synchronous Load   ; 0     ;
; Number of registers using Asynchronous Clear ; 18    ;
; Number of registers using Asynchronous Load  ; 0     ;
; Number of registers using Clock Enable       ; 21    ;
; Number of registers using Preset             ; 0     ;
+----------------------------------------------+-------+


+--------------------------------------------------+
; Inverted Register Statistics                     ;
+----------------------------------------+---------+
; Inverted Register                      ; Fan out ;
+----------------------------------------+---------+
; hex4[6]~reg0                           ; 2       ;
; Total number of inverted registers = 1 ;         ;
+----------------------------------------+---------+


+----------------------------------------------------------------------------------------------------------------------------------------------+
; Multiplexer Restructuring Statistics (Restructuring Performed)                                                                               ;
+--------------------+-----------+---------------+----------------------+------------------------+------------+--------------------------------+
; Multiplexer Inputs ; Bus Width ; Baseline Area ; Area if Restructured ; Saving if Restructured ; Registered ; Example Multiplexer Output     ;
+--------------------+-----------+---------------+----------------------+------------------------+------------+--------------------------------+
; 4:1                ; 2 bits    ; 4 LEs         ; 4 LEs                ; 0 LEs                  ; Yes        ; |cpu|hex3[0]~reg0              ;
; 16:1               ; 6 bits    ; 60 LEs        ; 36 LEs               ; 24 LEs                 ; Yes        ; |cpu|hex4[0]~reg0              ;
; 1:1                ; 4 bits    ; 0 LEs         ; 0 LEs                ; 0 LEs                  ; No         ; |cpu|dp:datapath|alu:alu1|Mux1 ;
+--------------------+-----------+---------------+----------------------+------------------------+------------+--------------------------------+


+-------------------------------+
; Elapsed Time Per Partition    ;
+----------------+--------------+
; Partition Name ; Elapsed Time ;
+----------------+--------------+
; Top            ; 00:00:00     ;
+----------------+--------------+


+-------------------------------+
; Analysis & Synthesis Messages ;
+-------------------------------+
Info: *******************************************************************
Info: Running Quartus II 64-Bit Analysis & Synthesis
    Info: Version 13.0.1 Build 232 06/12/2013 Service Pack 1 SJ Web Edition
    Info: Processing started: Thu Jun 28 16:47:32 2018
Info: Command: quartus_map --read_settings_files=on --write_settings_files=off processador -c processador
Warning (20028): Parallel compilation is not licensed and has been disabled
Info (12021): Found 8 design units, including 4 entities, in source file dp.vhdl
    Info (12022): Found design unit 1: alu-bhv
    Info (12022): Found design unit 2: acc-bhv
    Info (12022): Found design unit 3: rf-bhv
    Info (12022): Found design unit 4: dp-rtl2
    Info (12023): Found entity 1: alu
    Info (12023): Found entity 2: acc
    Info (12023): Found entity 3: rf
    Info (12023): Found entity 4: dp
Info (12021): Found 2 design units, including 1 entities, in source file ctrl.vhdl
    Info (12022): Found design unit 1: ctrl-fsm
    Info (12023): Found entity 1: ctrl
Info (12021): Found 2 design units, including 1 entities, in source file cpu.vhdl
    Info (12022): Found design unit 1: cpu-struc
    Info (12023): Found entity 1: cpu
Info (12127): Elaborating entity "cpu" for the top level hierarchy
Warning (10541): VHDL Signal Declaration warning at cpu.vhdl(11): used implicit default value for signal "output" because signal was never assigned a value or an explicit default value. Use of implicit default value may introduce unintended design optimizations.
Info (12128): Elaborating entity "ctrl" for hierarchy "ctrl:controller"
Info (12128): Elaborating entity "dp" for hierarchy "dp:datapath"
Info (12128): Elaborating entity "alu" for hierarchy "dp:datapath|alu:alu1"
Warning (10492): VHDL Process Statement warning at dp.vhdl(23): signal "opcode" is read inside the Process Statement but isn't in the Process Statement's sensitivity list
Warning (10492): VHDL Process Statement warning at dp.vhdl(25): signal "imm" is read inside the Process Statement but isn't in the Process Statement's sensitivity list
Warning (10631): VHDL Process Statement warning at dp.vhdl(18): inferring latch(es) for signal or variable "output", which holds its previous value in one or more paths through the process
Info (10041): Inferred latch for "output[0]" at dp.vhdl(18)
Info (10041): Inferred latch for "output[1]" at dp.vhdl(18)
Info (10041): Inferred latch for "output[2]" at dp.vhdl(18)
Info (10041): Inferred latch for "output[3]" at dp.vhdl(18)
Info (12128): Elaborating entity "acc" for hierarchy "dp:datapath|acc:acumulador_atual"
Info (13000): Registers with preset signals will power-up high
Info (13003): DEV_CLRn pin will set, and not reset, register with preset signal due to NOT Gate Push-Back
Warning (13024): Output pins are stuck at VCC or GND
    Warning (13410): Pin "output[0]" is stuck at GND
    Warning (13410): Pin "output[1]" is stuck at GND
    Warning (13410): Pin "output[2]" is stuck at GND
    Warning (13410): Pin "output[3]" is stuck at GND
    Warning (13410): Pin "hex0[1]" is stuck at GND
    Warning (13410): Pin "hex0[2]" is stuck at GND
    Warning (13410): Pin "hex0[6]" is stuck at VCC
    Warning (13410): Pin "hex1[1]" is stuck at GND
    Warning (13410): Pin "hex1[2]" is stuck at GND
    Warning (13410): Pin "hex1[6]" is stuck at VCC
    Warning (13410): Pin "hex2[0]" is stuck at GND
    Warning (13410): Pin "hex2[1]" is stuck at GND
    Warning (13410): Pin "hex2[2]" is stuck at GND
    Warning (13410): Pin "hex2[3]" is stuck at GND
    Warning (13410): Pin "hex2[4]" is stuck at GND
    Warning (13410): Pin "hex2[5]" is stuck at GND
    Warning (13410): Pin "hex2[6]" is stuck at VCC
    Warning (13410): Pin "hex3[1]" is stuck at GND
    Warning (13410): Pin "hex3[2]" is stuck at GND
    Warning (13410): Pin "hex3[6]" is stuck at VCC
Critical Warning (18061): Ignored Power-Up Level option on the following registers
    Critical Warning (18010): Register ctrl:controller|PC[0] will power up to Low
Info (17049): 30 registers lost all their fanouts during netlist optimizations.
Info (16010): Generating hard_block partition "hard_block:auto_generated_inst"
    Info (16011): Adding 0 node(s), including 0 DDIO, 0 PLL, 0 transceiver and 0 LCELL
Info (21057): Implemented 86 device resources after synthesis - the final resource count might be different
    Info (21058): Implemented 3 input pins
    Info (21059): Implemented 39 output pins
    Info (21061): Implemented 44 logic cells
Info: Quartus II 64-Bit Analysis & Synthesis was successful. 0 errors, 28 warnings
    Info: Peak virtual memory: 634 megabytes
    Info: Processing ended: Thu Jun 28 16:47:34 2018
    Info: Elapsed time: 00:00:02
    Info: Total CPU time (on all processors): 00:00:02


